
  0%|          | 0/100 [00:00<?, ?it/s]/DATA/raj13/.local/lib/python3.7/site-packages/torch/nn/functional.py:718: UserWarning: Named tensors and all their associated APIs are an experimental feature and subject to change. Please do not use them for anything important until they are released as stable. (Triggered internally at  /pytorch/c10/core/TensorImpl.h:1156.)
  return torch.max_pool2d(input, kernel_size, stride, padding, dilation, ceil_mode)

  1%|          | 1/100 [00:00<00:26,  3.70it/s]
  2%|▏         | 2/100 [00:00<00:26,  3.69it/s]
  3%|▎         | 3/100 [00:00<00:26,  3.66it/s]
  4%|▍         | 4/100 [00:00<00:22,  4.31it/s]
  6%|▌         | 6/100 [00:01<00:19,  4.91it/s]
  8%|▊         | 8/100 [00:01<00:15,  5.97it/s]
 10%|█         | 10/100 [00:01<00:12,  7.39it/s]
 11%|█         | 11/100 [00:01<00:15,  5.88it/s]
 12%|█▏        | 12/100 [00:02<00:17,  5.12it/s]
 13%|█▎        | 13/100 [00:02<00:14,  5.98it/s]
 15%|█▌        | 15/100 [00:02<00:12,  6.92it/s]
 17%|█▋        | 17/100 [00:02<00:10,  8.28it/s]
 19%|█▉        | 19/100 [00:02<00:08,  9.90it/s]
 22%|██▏       | 22/100 [00:02<00:06, 11.65it/s]
 24%|██▍       | 24/100 [00:02<00:06, 12.05it/s]
 26%|██▌       | 26/100 [00:03<00:07,  9.51it/s]
 28%|██▊       | 28/100 [00:03<00:06, 10.82it/s]
 30%|███       | 30/100 [00:03<00:05, 12.26it/s]
 32%|███▏      | 32/100 [00:03<00:08,  8.16it/s]
 34%|███▍      | 34/100 [00:04<00:11,  5.69it/s]
 35%|███▌      | 35/100 [00:04<00:13,  4.85it/s]
 36%|███▌      | 36/100 [00:05<00:15,  4.23it/s]
 37%|███▋      | 37/100 [00:05<00:15,  4.14it/s]
 38%|███▊      | 38/100 [00:05<00:15,  4.10it/s]
 39%|███▉      | 39/100 [00:05<00:13,  4.62it/s]
 41%|████      | 41/100 [00:05<00:11,  5.11it/s]
 42%|████▏     | 42/100 [00:06<00:12,  4.53it/s]
 43%|████▎     | 43/100 [00:06<00:11,  5.06it/s]
 44%|████▍     | 44/100 [00:06<00:09,  5.78it/s]
 45%|████▌     | 45/100 [00:06<00:08,  6.58it/s]
 47%|████▋     | 47/100 [00:06<00:06,  7.60it/s]
 48%|████▊     | 48/100 [00:06<00:07,  7.20it/s]
 50%|█████     | 50/100 [00:07<00:06,  7.94it/s]
 53%|█████▎    | 53/100 [00:07<00:04, 10.12it/s]
 56%|█████▌    | 56/100 [00:07<00:04,  9.80it/s]
 58%|█████▊    | 58/100 [00:07<00:03, 10.97it/s]
 60%|██████    | 60/100 [00:07<00:03, 10.81it/s]
 63%|██████▎   | 63/100 [00:07<00:02, 13.26it/s]
 66%|██████▌   | 66/100 [00:08<00:02, 14.04it/s]
 68%|██████▊   | 68/100 [00:08<00:02, 11.91it/s]
 70%|███████   | 70/100 [00:08<00:04,  6.97it/s]
 72%|███████▏  | 72/100 [00:09<00:05,  4.89it/s]
 73%|███████▎  | 73/100 [00:10<00:06,  3.99it/s]
 74%|███████▍  | 74/100 [00:10<00:07,  3.64it/s]
 76%|███████▌  | 76/100 [00:10<00:05,  4.55it/s]
 78%|███████▊  | 78/100 [00:10<00:03,  5.54it/s]
 79%|███████▉  | 79/100 [00:10<00:04,  4.82it/s]
 80%|████████  | 80/100 [00:11<00:04,  4.65it/s]
 82%|████████▏ | 82/100 [00:11<00:03,  5.74it/s]
 84%|████████▍ | 84/100 [00:11<00:02,  6.48it/s]
 86%|████████▌ | 86/100 [00:11<00:01,  7.85it/s]
 88%|████████▊ | 88/100 [00:12<00:01,  7.61it/s]
 90%|█████████ | 90/100 [00:12<00:01,  7.23it/s]
 91%|█████████ | 91/100 [00:12<00:01,  7.80it/s]
 93%|█████████▎| 93/100 [00:12<00:00,  8.80it/s]
 94%|█████████▍| 94/100 [00:12<00:00,  7.30it/s]
 95%|█████████▌| 95/100 [00:13<00:00,  5.25it/s]
 96%|█████████▌| 96/100 [00:13<00:00,  4.13it/s]
 97%|█████████▋| 97/100 [00:13<00:00,  3.70it/s]
 98%|█████████▊| 98/100 [00:14<00:00,  3.75it/s]
 99%|█████████▉| 99/100 [00:14<00:00,  3.53it/s]
100%|██████████| 100/100 [00:14<00:00,  3.64it/s]
100%|██████████| 100/100 [00:14<00:00,  6.84it/s]

  0%|          | 0/100 [00:00<?, ?it/s]
  1%|          | 1/100 [00:00<00:11,  8.89it/s]
  2%|▏         | 2/100 [00:00<00:11,  8.83it/s]
  3%|▎         | 3/100 [00:00<00:11,  8.73it/s]
  4%|▍         | 4/100 [00:00<00:14,  6.59it/s]
  5%|▌         | 5/100 [00:00<00:14,  6.52it/s]
  7%|▋         | 7/100 [00:00<00:12,  7.73it/s]
  9%|▉         | 9/100 [00:01<00:10,  9.02it/s]
 11%|█         | 11/100 [00:01<00:09,  9.51it/s]
 13%|█▎        | 13/100 [00:01<00:10,  8.64it/s]
 14%|█▍        | 14/100 [00:01<00:10,  7.97it/s]
 16%|█▌        | 16/100 [00:01<00:09,  8.91it/s]
 17%|█▋        | 17/100 [00:01<00:09,  8.86it/s]
 18%|█▊        | 18/100 [00:02<00:09,  8.42it/s]
 19%|█▉        | 19/100 [00:02<00:09,  8.42it/s]
 21%|██        | 21/100 [00:02<00:07, 10.13it/s]
 23%|██▎       | 23/100 [00:02<00:08,  8.69it/s]
 25%|██▌       | 25/100 [00:02<00:07,  9.87it/s]
 27%|██▋       | 27/100 [00:03<00:08,  8.71it/s]
 29%|██▉       | 29/100 [00:03<00:07,  9.13it/s]
 31%|███       | 31/100 [00:03<00:06, 10.48it/s]
 33%|███▎      | 33/100 [00:03<00:06,  9.84it/s]
 35%|███▌      | 35/100 [00:03<00:06, 10.26it/s]
 37%|███▋      | 37/100 [00:03<00:06,  9.99it/s]
 39%|███▉      | 39/100 [00:04<00:07,  8.36it/s]
 40%|████      | 40/100 [00:04<00:08,  6.68it/s]
 41%|████      | 41/100 [00:04<00:10,  5.75it/s]
 42%|████▏     | 42/100 [00:04<00:11,  5.21it/s]
 43%|████▎     | 43/100 [00:05<00:11,  4.82it/s]
 45%|████▌     | 45/100 [00:05<00:09,  5.56it/s]
 46%|████▌     | 46/100 [00:05<00:09,  5.92it/s]
 47%|████▋     | 47/100 [00:05<00:08,  6.44it/s]
 49%|████▉     | 49/100 [00:05<00:06,  7.31it/s]
 52%|█████▏    | 52/100 [00:06<00:05,  9.11it/s]
 54%|█████▍    | 54/100 [00:06<00:05,  9.06it/s]
 56%|█████▌    | 56/100 [00:06<00:04, 10.09it/s]
 58%|█████▊    | 58/100 [00:06<00:04, 10.35it/s]
 60%|██████    | 60/100 [00:06<00:03, 11.07it/s]
 62%|██████▏   | 62/100 [00:06<00:03,  9.69it/s]
 64%|██████▍   | 64/100 [00:07<00:03,  9.81it/s]
 66%|██████▌   | 66/100 [00:07<00:03, 10.13it/s]
 68%|██████▊   | 68/100 [00:07<00:04,  7.94it/s]
 70%|███████   | 70/100 [00:07<00:03,  9.68it/s]
 72%|███████▏  | 72/100 [00:08<00:02, 10.64it/s]
 74%|███████▍  | 74/100 [00:08<00:02, 10.33it/s]
 76%|███████▌  | 76/100 [00:08<00:02, 10.07it/s]
 78%|███████▊  | 78/100 [00:08<00:02,  8.50it/s]
 80%|████████  | 80/100 [00:08<00:02,  8.39it/s]
 81%|████████  | 81/100 [00:09<00:02,  7.64it/s]
 82%|████████▏ | 82/100 [00:09<00:02,  7.14it/s]
 84%|████████▍ | 84/100 [00:09<00:01,  8.61it/s]
 86%|████████▌ | 86/100 [00:09<00:01,  8.93it/s]
 88%|████████▊ | 88/100 [00:09<00:01,  8.84it/s]
 89%|████████▉ | 89/100 [00:09<00:01,  9.11it/s]
 91%|█████████ | 91/100 [00:10<00:00,  9.99it/s]
 93%|█████████▎| 93/100 [00:10<00:00,  8.53it/s]
 94%|█████████▍| 94/100 [00:10<00:00,  8.42it/s]
 96%|█████████▌| 96/100 [00:10<00:00,  9.74it/s]
 99%|█████████▉| 99/100 [00:10<00:00, 10.85it/s]
100%|██████████| 100/100 [00:11<00:00,  9.05it/s]

  0%|          | 0/100 [00:00<?, ?it/s]
  2%|▏         | 2/100 [00:00<00:05, 19.31it/s]
  3%|▎         | 3/100 [00:00<00:06, 14.93it/s]
  4%|▍         | 4/100 [00:00<00:08, 11.08it/s]
  5%|▌         | 5/100 [00:00<00:11,  8.42it/s]
  6%|▌         | 6/100 [00:00<00:13,  7.20it/s]
  8%|▊         | 8/100 [00:00<00:10,  8.77it/s]
 10%|█         | 10/100 [00:01<00:10,  8.76it/s]
 11%|█         | 11/100 [00:01<00:11,  7.47it/s]
 12%|█▏        | 12/100 [00:01<00:11,  7.50it/s]
 14%|█▍        | 14/100 [00:01<00:10,  8.48it/s]
 15%|█▌        | 15/100 [00:01<00:11,  7.43it/s]
 17%|█▋        | 17/100 [00:01<00:09,  9.06it/s]
 19%|█▉        | 19/100 [00:01<00:07, 10.30it/s]
 21%|██        | 21/100 [00:02<00:07,  9.95it/s]
 23%|██▎       | 23/100 [00:02<00:07,  9.79it/s]
 25%|██▌       | 25/100 [00:02<00:08,  8.91it/s]
 27%|██▋       | 27/100 [00:02<00:07, 10.35it/s]
 29%|██▉       | 29/100 [00:02<00:05, 12.00it/s]
 31%|███       | 31/100 [00:03<00:05, 12.45it/s]
 33%|███▎      | 33/100 [00:03<00:06, 10.58it/s]
 35%|███▌      | 35/100 [00:03<00:05, 11.77it/s]
 38%|███▊      | 38/100 [00:03<00:04, 13.86it/s]
 40%|████      | 40/100 [00:03<00:03, 15.11it/s]
 42%|████▏     | 42/100 [00:03<00:04, 13.10it/s]
 44%|████▍     | 44/100 [00:03<00:04, 13.39it/s]
 46%|████▌     | 46/100 [00:04<00:03, 14.43it/s]
 48%|████▊     | 48/100 [00:04<00:03, 14.42it/s]
 50%|█████     | 50/100 [00:04<00:04, 11.18it/s]
 52%|█████▏    | 52/100 [00:04<00:04, 11.80it/s]
 54%|█████▍    | 54/100 [00:04<00:04, 10.64it/s]
 56%|█████▌    | 56/100 [00:05<00:04,  8.96it/s]
 58%|█████▊    | 58/100 [00:05<00:04, 10.39it/s]
 60%|██████    | 60/100 [00:05<00:03, 11.38it/s]
 62%|██████▏   | 62/100 [00:05<00:03,  9.71it/s]
 64%|██████▍   | 64/100 [00:06<00:04,  8.60it/s]
 66%|██████▌   | 66/100 [00:06<00:03,  9.42it/s]
 68%|██████▊   | 68/100 [00:06<00:03, 10.47it/s]
 70%|███████   | 70/100 [00:06<00:02, 10.86it/s]
 72%|███████▏  | 72/100 [00:06<00:02,  9.60it/s]
 74%|███████▍  | 74/100 [00:07<00:03,  8.19it/s]
 76%|███████▌  | 76/100 [00:07<00:02,  9.34it/s]
 78%|███████▊  | 78/100 [00:07<00:02,  9.16it/s]
 80%|████████  | 80/100 [00:07<00:02,  9.92it/s]
 82%|████████▏ | 82/100 [00:07<00:02,  8.84it/s]
 83%|████████▎ | 83/100 [00:08<00:01,  8.50it/s]
 84%|████████▍ | 84/100 [00:08<00:02,  7.32it/s]
 85%|████████▌ | 85/100 [00:08<00:02,  7.32it/s]
 87%|████████▋ | 87/100 [00:08<00:01,  8.74it/s]
 89%|████████▉ | 89/100 [00:08<00:01,  9.20it/s]
 91%|█████████ | 91/100 [00:08<00:00,  9.67it/s]
 93%|█████████▎| 93/100 [00:09<00:00,  8.51it/s]
 94%|█████████▍| 94/100 [00:09<00:00,  8.01it/s]
 96%|█████████▌| 96/100 [00:09<00:00,  9.33it/s]
 98%|█████████▊| 98/100 [00:09<00:00, 10.18it/s]
100%|██████████| 100/100 [00:09<00:00, 11.24it/s]
100%|██████████| 100/100 [00:09<00:00, 10.30it/s]

  0%|          | 0/100 [00:00<?, ?it/s]
  1%|          | 1/100 [00:00<00:16,  5.88it/s]
  3%|▎         | 3/100 [00:00<00:13,  7.13it/s]
  5%|▌         | 5/100 [00:00<00:12,  7.42it/s]
  6%|▌         | 6/100 [00:00<00:12,  7.24it/s]
  7%|▋         | 7/100 [00:00<00:11,  7.84it/s]
  9%|▉         | 9/100 [00:00<00:10,  8.88it/s]
 10%|█         | 10/100 [00:01<00:10,  8.42it/s]
 12%|█▏        | 12/100 [00:01<00:09,  9.68it/s]
 14%|█▍        | 14/100 [00:01<00:10,  8.40it/s]
 15%|█▌        | 15/100 [00:01<00:10,  8.45it/s]
 17%|█▋        | 17/100 [00:01<00:09,  8.66it/s]
 19%|█▉        | 19/100 [00:02<00:08,  9.35it/s]
 21%|██        | 21/100 [00:02<00:08,  9.65it/s]
 23%|██▎       | 23/100 [00:02<00:07,  9.84it/s]
 25%|██▌       | 25/100 [00:02<00:06, 10.97it/s]
 27%|██▋       | 27/100 [00:02<00:06, 11.01it/s]
 29%|██▉       | 29/100 [00:03<00:07,  9.70it/s]
 31%|███       | 31/100 [00:03<00:07,  8.83it/s]
 33%|███▎      | 33/100 [00:03<00:06,  9.95it/s]
 35%|███▌      | 35/100 [00:03<00:07,  9.06it/s]
 36%|███▌      | 36/100 [00:03<00:07,  8.72it/s]
 38%|███▊      | 38/100 [00:03<00:06,  9.93it/s]
 40%|████      | 40/100 [00:04<00:05, 10.24it/s]
 42%|████▏     | 42/100 [00:04<00:07,  8.19it/s]
 43%|████▎     | 43/100 [00:04<00:06,  8.35it/s]
 45%|████▌     | 45/100 [00:04<00:06,  8.64it/s]
 47%|████▋     | 47/100 [00:04<00:05, 10.17it/s]
 49%|████▉     | 49/100 [00:05<00:05,  9.55it/s]
 51%|█████     | 51/100 [00:05<00:07,  6.84it/s]
 52%|█████▏    | 52/100 [00:05<00:08,  5.66it/s]
 53%|█████▎    | 53/100 [00:06<00:09,  5.13it/s]
 54%|█████▍    | 54/100 [00:06<00:08,  5.50it/s]
 56%|█████▌    | 56/100 [00:06<00:07,  6.11it/s]
 57%|█████▋    | 57/100 [00:06<00:07,  5.84it/s]
 58%|█████▊    | 58/100 [00:06<00:06,  6.02it/s]
 59%|█████▉    | 59/100 [00:07<00:07,  5.62it/s]
 60%|██████    | 60/100 [00:07<00:06,  5.73it/s]
 61%|██████    | 61/100 [00:07<00:06,  5.76it/s]
 62%|██████▏   | 62/100 [00:07<00:06,  6.21it/s]
 63%|██████▎   | 63/100 [00:07<00:06,  5.94it/s]
 64%|██████▍   | 64/100 [00:07<00:06,  5.71it/s]
 65%|██████▌   | 65/100 [00:08<00:06,  5.65it/s]
 66%|██████▌   | 66/100 [00:08<00:05,  6.10it/s]
 68%|██████▊   | 68/100 [00:08<00:04,  7.18it/s]
 71%|███████   | 71/100 [00:08<00:03,  9.06it/s]
 73%|███████▎  | 73/100 [00:08<00:02,  9.08it/s]
 75%|███████▌  | 75/100 [00:08<00:02, 10.01it/s]
 77%|███████▋  | 77/100 [00:09<00:02,  8.43it/s]
 79%|███████▉  | 79/100 [00:09<00:02,  8.43it/s]
 82%|████████▏ | 82/100 [00:09<00:01,  9.12it/s]
 84%|████████▍ | 84/100 [00:09<00:01,  8.85it/s]
 86%|████████▌ | 86/100 [00:10<00:01,  8.99it/s]
 87%|████████▋ | 87/100 [00:10<00:01,  8.62it/s]
 88%|████████▊ | 88/100 [00:10<00:01,  7.84it/s]
 89%|████████▉ | 89/100 [00:10<00:01,  6.68it/s]
 90%|█████████ | 90/100 [00:10<00:01,  7.20it/s]
 91%|█████████ | 91/100 [00:10<00:01,  6.45it/s]
 92%|█████████▏| 92/100 [00:11<00:01,  5.69it/s]
 93%|█████████▎| 93/100 [00:11<00:01,  5.69it/s]
 94%|█████████▍| 94/100 [00:11<00:01,  5.96it/s]
 95%|█████████▌| 95/100 [00:11<00:00,  6.14it/s]
 96%|█████████▌| 96/100 [00:11<00:00,  6.30it/s]
 97%|█████████▋| 97/100 [00:11<00:00,  6.39it/s]
 98%|█████████▊| 98/100 [00:12<00:00,  6.64it/s]
 99%|█████████▉| 99/100 [00:12<00:00,  6.57it/s]
100%|██████████| 100/100 [00:12<00:00,  6.60it/s]
100%|██████████| 100/100 [00:12<00:00,  8.05it/s]

  0%|          | 0/100 [00:00<?, ?it/s]
  1%|          | 1/100 [00:00<00:16,  6.12it/s]
  3%|▎         | 3/100 [00:00<00:14,  6.86it/s]
  4%|▍         | 4/100 [00:00<00:13,  7.05it/s]
  5%|▌         | 5/100 [00:00<00:14,  6.66it/s]
  7%|▋         | 7/100 [00:00<00:12,  7.48it/s]
  8%|▊         | 8/100 [00:01<00:12,  7.34it/s]
 10%|█         | 10/100 [00:01<00:10,  8.45it/s]
 12%|█▏        | 12/100 [00:01<00:08,  9.94it/s]
 14%|█▍        | 14/100 [00:01<00:07, 11.10it/s]
 16%|█▌        | 16/100 [00:01<00:07, 11.40it/s]
 18%|█▊        | 18/100 [00:01<00:07, 11.25it/s]
 20%|██        | 20/100 [00:01<00:06, 12.40it/s]
 22%|██▏       | 22/100 [00:02<00:08,  9.28it/s]
 24%|██▍       | 24/100 [00:02<00:09,  8.25it/s]
 25%|██▌       | 25/100 [00:02<00:08,  8.52it/s]
 27%|██▋       | 27/100 [00:02<00:08,  8.77it/s]
 28%|██▊       | 28/100 [00:02<00:08,  8.47it/s]
 30%|███       | 30/100 [00:03<00:07,  8.90it/s]
 31%|███       | 31/100 [00:03<00:08,  7.71it/s]
 32%|███▏      | 32/100 [00:03<00:09,  7.52it/s]
 34%|███▍      | 34/100 [00:03<00:07,  9.17it/s]
 36%|███▌      | 36/100 [00:03<00:06,  9.87it/s]
 38%|███▊      | 38/100 [00:04<00:06,  9.30it/s]
 40%|████      | 40/100 [00:04<00:05, 10.24it/s]
 42%|████▏     | 42/100 [00:04<00:07,  7.85it/s]
 44%|████▍     | 44/100 [00:04<00:06,  8.80it/s]
 46%|████▌     | 46/100 [00:04<00:05,  9.88it/s]
 48%|████▊     | 48/100 [00:05<00:05,  9.96it/s]
 50%|█████     | 50/100 [00:05<00:05,  9.35it/s]
 52%|█████▏    | 52/100 [00:05<00:04, 10.50it/s]
 54%|█████▍    | 54/100 [00:05<00:04,  9.87it/s]
 56%|█████▌    | 56/100 [00:05<00:04,  9.77it/s]
 58%|█████▊    | 58/100 [00:06<00:04,  9.25it/s]
 59%|█████▉    | 59/100 [00:06<00:04,  8.29it/s]
 60%|██████    | 60/100 [00:06<00:05,  7.68it/s]
 61%|██████    | 61/100 [00:06<00:05,  6.86it/s]
 63%|██████▎   | 63/100 [00:06<00:04,  7.55it/s]
 65%|██████▌   | 65/100 [00:06<00:04,  8.40it/s]
 66%|██████▌   | 66/100 [00:07<00:03,  8.68it/s]
 67%|██████▋   | 67/100 [00:07<00:04,  7.88it/s]
 68%|██████▊   | 68/100 [00:07<00:04,  7.54it/s]
 69%|██████▉   | 69/100 [00:07<00:03,  7.96it/s]
 72%|███████▏  | 72/100 [00:07<00:02,  9.69it/s]
 74%|███████▍  | 74/100 [00:07<00:02,  9.87it/s]
 76%|███████▌  | 76/100 [00:08<00:02,  9.26it/s]
 78%|███████▊  | 78/100 [00:08<00:02, 10.37it/s]
 80%|████████  | 80/100 [00:08<00:02,  9.74it/s]
 82%|████████▏ | 82/100 [00:08<00:01, 10.28it/s]
 84%|████████▍ | 84/100 [00:08<00:01,  9.46it/s]
 86%|████████▌ | 86/100 [00:09<00:01, 10.71it/s]
 88%|████████▊ | 88/100 [00:09<00:01, 11.68it/s]
 90%|█████████ | 90/100 [00:09<00:00, 12.01it/s]
 92%|█████████▏| 92/100 [00:09<00:00, 11.92it/s]
 94%|█████████▍| 94/100 [00:09<00:00, 11.64it/s]
 96%|█████████▌| 96/100 [00:09<00:00, 10.14it/s]
 98%|█████████▊| 98/100 [00:10<00:00, 10.58it/s]
100%|██████████| 100/100 [00:10<00:00,  9.55it/s]
100%|██████████| 100/100 [00:10<00:00,  9.68it/s]

  0%|          | 0/100 [00:00<?, ?it/s]
  1%|          | 1/100 [00:00<00:15,  6.53it/s]
  2%|▏         | 2/100 [00:00<00:16,  5.94it/s]
  3%|▎         | 3/100 [00:00<00:15,  6.06it/s]
  5%|▌         | 5/100 [00:00<00:13,  7.00it/s]
  7%|▋         | 7/100 [00:00<00:10,  8.63it/s]
  9%|▉         | 9/100 [00:00<00:09,  9.49it/s]
 11%|█         | 11/100 [00:01<00:10,  8.76it/s]
 12%|█▏        | 12/100 [00:01<00:11,  7.79it/s]
 13%|█▎        | 13/100 [00:01<00:12,  6.84it/s]
 16%|█▌        | 16/100 [00:01<00:09,  8.67it/s]
 18%|█▊        | 18/100 [00:01<00:09,  8.20it/s]
 20%|██        | 20/100 [00:02<00:08,  9.01it/s]
 22%|██▏       | 22/100 [00:02<00:08,  8.78it/s]
 24%|██▍       | 24/100 [00:02<00:08,  8.70it/s]
 25%|██▌       | 25/100 [00:02<00:09,  8.17it/s]
 26%|██▌       | 26/100 [00:02<00:09,  7.50it/s]
 27%|██▋       | 27/100 [00:03<00:09,  7.89it/s]
 28%|██▊       | 28/100 [00:03<00:09,  7.93it/s]
 29%|██▉       | 29/100 [00:03<00:09,  7.38it/s]
 30%|███       | 30/100 [00:03<00:09,  7.26it/s]
 33%|███▎      | 33/100 [00:03<00:07,  9.21it/s]
 35%|███▌      | 35/100 [00:03<00:06,  9.59it/s]
 38%|███▊      | 38/100 [00:03<00:05, 10.74it/s]
 40%|████      | 40/100 [00:04<00:05, 11.32it/s]
 42%|████▏     | 42/100 [00:04<00:05, 11.40it/s]
 44%|████▍     | 44/100 [00:04<00:05, 10.91it/s]
 46%|████▌     | 46/100 [00:04<00:07,  7.30it/s]
 47%|████▋     | 47/100 [00:05<00:09,  5.80it/s]
 48%|████▊     | 48/100 [00:05<00:09,  5.32it/s]
 49%|████▉     | 49/100 [00:05<00:09,  5.14it/s]
 50%|█████     | 50/100 [00:05<00:09,  5.36it/s]
 51%|█████     | 51/100 [00:05<00:07,  6.14it/s]
 53%|█████▎    | 53/100 [00:06<00:06,  7.03it/s]
 54%|█████▍    | 54/100 [00:06<00:06,  7.06it/s]
 55%|█████▌    | 55/100 [00:06<00:06,  7.29it/s]
 57%|█████▋    | 57/100 [00:06<00:05,  7.91it/s]
 59%|█████▉    | 59/100 [00:06<00:05,  8.09it/s]
 61%|██████    | 61/100 [00:07<00:04,  9.02it/s]
 62%|██████▏   | 62/100 [00:07<00:04,  8.29it/s]
 64%|██████▍   | 64/100 [00:07<00:03,  9.75it/s]
 66%|██████▌   | 66/100 [00:07<00:03, 10.10it/s]
 68%|██████▊   | 68/100 [00:07<00:03, 10.65it/s]
 70%|███████   | 70/100 [00:07<00:02, 12.12it/s]
 72%|███████▏  | 72/100 [00:07<00:02, 11.41it/s]
 74%|███████▍  | 74/100 [00:08<00:02, 12.16it/s]
 76%|███████▌  | 76/100 [00:08<00:02, 10.03it/s]
 78%|███████▊  | 78/100 [00:08<00:02, 10.91it/s]
 80%|████████  | 80/100 [00:08<00:01, 10.77it/s]
 82%|████████▏ | 82/100 [00:08<00:01, 10.41it/s]
 84%|████████▍ | 84/100 [00:09<00:01, 10.16it/s]
 86%|████████▌ | 86/100 [00:09<00:01,  8.67it/s]
 87%|████████▋ | 87/100 [00:09<00:01,  8.52it/s]
 88%|████████▊ | 88/100 [00:09<00:01,  7.65it/s]
 90%|█████████ | 90/100 [00:09<00:01,  8.82it/s]
 92%|█████████▏| 92/100 [00:09<00:00, 10.29it/s]
 94%|█████████▍| 94/100 [00:10<00:00,  9.22it/s]
 96%|█████████▌| 96/100 [00:10<00:00, 10.60it/s]
 98%|█████████▊| 98/100 [00:10<00:00,  9.50it/s]
100%|██████████| 100/100 [00:10<00:00, 10.66it/s]
100%|██████████| 100/100 [00:10<00:00,  9.30it/s]

  0%|          | 0/100 [00:00<?, ?it/s]
  2%|▏         | 2/100 [00:00<00:11,  8.82it/s]
  3%|▎         | 3/100 [00:00<00:12,  7.47it/s]
  4%|▍         | 4/100 [00:00<00:13,  7.27it/s]
  5%|▌         | 5/100 [00:00<00:14,  6.60it/s]
  6%|▌         | 6/100 [00:00<00:14,  6.30it/s]
  8%|▊         | 8/100 [00:01<00:12,  7.41it/s]
 10%|█         | 10/100 [00:01<00:10,  8.69it/s]
 12%|█▏        | 12/100 [00:01<00:09,  8.96it/s]
 13%|█▎        | 13/100 [00:01<00:11,  7.69it/s]
 14%|█▍        | 14/100 [00:01<00:10,  8.05it/s]
 15%|█▌        | 15/100 [00:01<00:11,  7.58it/s]
 17%|█▋        | 17/100 [00:02<00:10,  8.28it/s]
 18%|█▊        | 18/100 [00:02<00:10,  7.81it/s]
 19%|█▉        | 19/100 [00:02<00:09,  8.35it/s]
 20%|██        | 20/100 [00:02<00:09,  8.36it/s]
 21%|██        | 21/100 [00:02<00:09,  8.38it/s]
 23%|██▎       | 23/100 [00:02<00:09,  8.18it/s]
 24%|██▍       | 24/100 [00:02<00:10,  7.25it/s]
 25%|██▌       | 25/100 [00:03<00:10,  7.25it/s]
 26%|██▌       | 26/100 [00:03<00:10,  7.18it/s]
 27%|██▋       | 27/100 [00:03<00:11,  6.56it/s]
 28%|██▊       | 28/100 [00:03<00:11,  6.44it/s]
 29%|██▉       | 29/100 [00:03<00:11,  6.28it/s]
 30%|███       | 30/100 [00:03<00:11,  6.20it/s]
 31%|███       | 31/100 [00:04<00:11,  5.84it/s]
 32%|███▏      | 32/100 [00:04<00:11,  5.89it/s]
 33%|███▎      | 33/100 [00:04<00:11,  5.92it/s]
 34%|███▍      | 34/100 [00:04<00:11,  5.86it/s]
 35%|███▌      | 35/100 [00:04<00:11,  5.55it/s]
 36%|███▌      | 36/100 [00:05<00:11,  5.43it/s]
 37%|███▋      | 37/100 [00:05<00:10,  5.81it/s]
 38%|███▊      | 38/100 [00:05<00:10,  5.90it/s]
 39%|███▉      | 39/100 [00:05<00:10,  5.76it/s]
 40%|████      | 40/100 [00:05<00:10,  5.74it/s]
 41%|████      | 41/100 [00:05<00:10,  5.71it/s]
 42%|████▏     | 42/100 [00:06<00:09,  5.99it/s]
 43%|████▎     | 43/100 [00:06<00:08,  6.50it/s]
 44%|████▍     | 44/100 [00:06<00:08,  6.91it/s]
 45%|████▌     | 45/100 [00:06<00:07,  7.15it/s]
 46%|████▌     | 46/100 [00:06<00:07,  7.49it/s]
 48%|████▊     | 48/100 [00:06<00:07,  7.42it/s]
 49%|████▉     | 49/100 [00:06<00:06,  7.56it/s]
 50%|█████     | 50/100 [00:07<00:06,  7.46it/s]
 51%|█████     | 51/100 [00:07<00:06,  7.24it/s]
 52%|█████▏    | 52/100 [00:07<00:07,  6.63it/s]
 54%|█████▍    | 54/100 [00:07<00:06,  7.22it/s]
 55%|█████▌    | 55/100 [00:07<00:06,  7.34it/s]
 56%|█████▌    | 56/100 [00:07<00:05,  7.80it/s]
 58%|█████▊    | 58/100 [00:07<00:04,  9.16it/s]
 60%|██████    | 60/100 [00:08<00:04,  9.52it/s]
 62%|██████▏   | 62/100 [00:08<00:04,  8.15it/s]
 63%|██████▎   | 63/100 [00:08<00:05,  7.01it/s]
 64%|██████▍   | 64/100 [00:08<00:05,  6.35it/s]
 65%|██████▌   | 65/100 [00:09<00:05,  5.94it/s]
 66%|██████▌   | 66/100 [00:09<00:05,  5.85it/s]
 67%|██████▋   | 67/100 [00:09<00:05,  6.11it/s]
 68%|██████▊   | 68/100 [00:09<00:05,  6.04it/s]
 69%|██████▉   | 69/100 [00:09<00:04,  6.23it/s]
 70%|███████   | 70/100 [00:09<00:04,  6.76it/s]
 71%|███████   | 71/100 [00:09<00:04,  7.24it/s]
 72%|███████▏  | 72/100 [00:10<00:04,  6.92it/s]
 74%|███████▍  | 74/100 [00:10<00:03,  7.92it/s]
 75%|███████▌  | 75/100 [00:10<00:03,  7.34it/s]
 76%|███████▌  | 76/100 [00:10<00:03,  7.17it/s]
 77%|███████▋  | 77/100 [00:10<00:03,  7.02it/s]
 78%|███████▊  | 78/100 [00:10<00:03,  7.28it/s]
 80%|████████  | 80/100 [00:11<00:02,  8.05it/s]
 81%|████████  | 81/100 [00:11<00:02,  8.11it/s]
 84%|████████▍ | 84/100 [00:11<00:01,  9.64it/s]
 86%|████████▌ | 86/100 [00:11<00:01, 10.79it/s]
 88%|████████▊ | 88/100 [00:11<00:00, 12.07it/s]
 90%|█████████ | 90/100 [00:11<00:00, 13.05it/s]
 92%|█████████▏| 92/100 [00:11<00:00, 10.71it/s]
 94%|█████████▍| 94/100 [00:12<00:00,  9.55it/s]
 96%|█████████▌| 96/100 [00:12<00:00, 10.70it/s]
 98%|█████████▊| 98/100 [00:12<00:00,  9.24it/s]
100%|██████████| 100/100 [00:12<00:00,  8.62it/s]
100%|██████████| 100/100 [00:12<00:00,  7.75it/s]

  0%|          | 0/100 [00:00<?, ?it/s]
  1%|          | 1/100 [00:00<00:11,  8.75it/s]
  3%|▎         | 3/100 [00:00<00:09, 10.24it/s]
  5%|▌         | 5/100 [00:00<00:12,  7.86it/s]
  6%|▌         | 6/100 [00:00<00:12,  7.25it/s]
  7%|▋         | 7/100 [00:01<00:17,  5.25it/s]
  8%|▊         | 8/100 [00:01<00:21,  4.25it/s]
  9%|▉         | 9/100 [00:01<00:23,  3.84it/s]
 10%|█         | 10/100 [00:02<00:24,  3.74it/s]
 11%|█         | 11/100 [00:02<00:23,  3.86it/s]
 12%|█▏        | 12/100 [00:02<00:20,  4.24it/s]
 14%|█▍        | 14/100 [00:02<00:16,  5.09it/s]
 15%|█▌        | 15/100 [00:02<00:18,  4.72it/s]
 16%|█▌        | 16/100 [00:03<00:19,  4.29it/s]
 17%|█▋        | 17/100 [00:03<00:16,  5.11it/s]
 18%|█▊        | 18/100 [00:03<00:14,  5.74it/s]
 20%|██        | 20/100 [00:03<00:11,  7.00it/s]
 23%|██▎       | 23/100 [00:03<00:10,  7.44it/s]
 24%|██▍       | 24/100 [00:04<00:12,  6.26it/s]
 25%|██▌       | 25/100 [00:04<00:13,  5.77it/s]
 26%|██▌       | 26/100 [00:04<00:13,  5.49it/s]
 27%|██▋       | 27/100 [00:04<00:15,  4.85it/s]
 29%|██▉       | 29/100 [00:04<00:11,  6.28it/s]
 32%|███▏      | 32/100 [00:05<00:08,  7.98it/s]
 34%|███▍      | 34/100 [00:05<00:10,  6.39it/s]
 36%|███▌      | 36/100 [00:06<00:12,  5.13it/s]
 37%|███▋      | 37/100 [00:06<00:13,  4.71it/s]
 38%|███▊      | 38/100 [00:06<00:14,  4.41it/s]
 39%|███▉      | 39/100 [00:06<00:13,  4.59it/s]
 40%|████      | 40/100 [00:07<00:13,  4.56it/s]
 41%|████      | 41/100 [00:07<00:13,  4.36it/s]
 42%|████▏     | 42/100 [00:07<00:11,  4.90it/s]
 43%|████▎     | 43/100 [00:07<00:09,  5.75it/s]
 45%|████▌     | 45/100 [00:07<00:09,  5.90it/s]
 46%|████▌     | 46/100 [00:08<00:10,  5.24it/s]
 48%|████▊     | 48/100 [00:08<00:08,  6.49it/s]
 50%|█████     | 50/100 [00:08<00:06,  7.48it/s]
 51%|█████     | 51/100 [00:08<00:06,  7.71it/s]
 54%|█████▍    | 54/100 [00:08<00:04,  9.69it/s]
 56%|█████▌    | 56/100 [00:08<00:04,  9.79it/s]
 58%|█████▊    | 58/100 [00:09<00:04,  8.60it/s]
 60%|██████    | 60/100 [00:09<00:04,  9.12it/s]
 62%|██████▏   | 62/100 [00:09<00:03, 10.46it/s]
 65%|██████▌   | 65/100 [00:09<00:02, 12.68it/s]
 67%|██████▋   | 67/100 [00:09<00:02, 12.99it/s]
 69%|██████▉   | 69/100 [00:10<00:03,  8.14it/s]
 71%|███████   | 71/100 [00:10<00:05,  5.42it/s]
 72%|███████▏  | 72/100 [00:11<00:06,  4.34it/s]
 73%|███████▎  | 73/100 [00:11<00:06,  4.22it/s]
 74%|███████▍  | 74/100 [00:11<00:06,  3.89it/s]
 75%|███████▌  | 75/100 [00:11<00:05,  4.55it/s]
 77%|███████▋  | 77/100 [00:11<00:03,  5.84it/s]
 78%|███████▊  | 78/100 [00:12<00:03,  6.49it/s]
 80%|████████  | 80/100 [00:12<00:02,  7.39it/s]
 81%|████████  | 81/100 [00:12<00:02,  7.40it/s]
 83%|████████▎ | 83/100 [00:12<00:02,  8.19it/s]
 85%|████████▌ | 85/100 [00:12<00:01,  9.85it/s]
 87%|████████▋ | 87/100 [00:12<00:01, 11.36it/s]
 89%|████████▉ | 89/100 [00:12<00:00, 12.33it/s]
 91%|█████████ | 91/100 [00:13<00:00, 13.73it/s]
 93%|█████████▎| 93/100 [00:13<00:00, 13.14it/s]
 95%|█████████▌| 95/100 [00:13<00:00, 13.07it/s]
 97%|█████████▋| 97/100 [00:13<00:00, 12.24it/s]
 99%|█████████▉| 99/100 [00:13<00:00, 12.14it/s]
100%|██████████| 100/100 [00:13<00:00,  7.27it/s]

  0%|          | 0/100 [00:00<?, ?it/s]
  1%|          | 1/100 [00:00<00:13,  7.18it/s]
  3%|▎         | 3/100 [00:00<00:11,  8.27it/s]
  5%|▌         | 5/100 [00:00<00:09,  9.76it/s]
  7%|▋         | 7/100 [00:00<00:09,  9.42it/s]
  9%|▉         | 9/100 [00:00<00:09,  9.20it/s]
 11%|█         | 11/100 [00:01<00:08, 10.32it/s]
 13%|█▎        | 13/100 [00:01<00:08, 10.22it/s]
 15%|█▌        | 15/100 [00:01<00:08,  9.88it/s]
 17%|█▋        | 17/100 [00:01<00:07, 11.03it/s]
 19%|█▉        | 19/100 [00:01<00:07, 10.42it/s]
 21%|██        | 21/100 [00:02<00:08,  9.30it/s]
 22%|██▏       | 22/100 [00:02<00:09,  7.94it/s]
 23%|██▎       | 23/100 [00:02<00:09,  8.15it/s]
 25%|██▌       | 25/100 [00:02<00:07,  9.71it/s]
 27%|██▋       | 27/100 [00:02<00:06, 10.86it/s]
 29%|██▉       | 29/100 [00:02<00:07,  9.96it/s]
 32%|███▏      | 32/100 [00:03<00:06, 10.47it/s]
 34%|███▍      | 34/100 [00:03<00:07,  9.05it/s]
 36%|███▌      | 36/100 [00:03<00:05, 10.74it/s]
 38%|███▊      | 38/100 [00:03<00:05, 11.27it/s]
 40%|████      | 40/100 [00:03<00:04, 12.33it/s]
 42%|████▏     | 42/100 [00:03<00:04, 13.06it/s]
 44%|████▍     | 44/100 [00:04<00:05, 10.41it/s]
 46%|████▌     | 46/100 [00:04<00:05, 10.00it/s]
 48%|████▊     | 48/100 [00:04<00:05, 10.36it/s]
 50%|█████     | 50/100 [00:04<00:05,  8.86it/s]
 52%|█████▏    | 52/100 [00:05<00:05,  9.25it/s]
 54%|█████▍    | 54/100 [00:05<00:04,  9.68it/s]
 56%|█████▌    | 56/100 [00:05<00:05,  7.65it/s]
 57%|█████▋    | 57/100 [00:05<00:06,  6.92it/s]
 58%|█████▊    | 58/100 [00:05<00:06,  6.49it/s]
 59%|█████▉    | 59/100 [00:06<00:06,  6.36it/s]
 60%|██████    | 60/100 [00:06<00:05,  6.95it/s]
 61%|██████    | 61/100 [00:06<00:05,  7.33it/s]
 63%|██████▎   | 63/100 [00:06<00:04,  8.27it/s]
 65%|██████▌   | 65/100 [00:06<00:03,  9.34it/s]
 67%|██████▋   | 67/100 [00:06<00:03, 10.54it/s]
 69%|██████▉   | 69/100 [00:07<00:03,  9.16it/s]
 71%|███████   | 71/100 [00:07<00:03,  9.32it/s]
 73%|███████▎  | 73/100 [00:07<00:03,  8.45it/s]
 74%|███████▍  | 74/100 [00:07<00:03,  8.33it/s]
 75%|███████▌  | 75/100 [00:07<00:02,  8.74it/s]
 78%|███████▊  | 78/100 [00:08<00:02, 10.23it/s]
 81%|████████  | 81/100 [00:08<00:01, 12.37it/s]
 83%|████████▎ | 83/100 [00:08<00:01, 10.03it/s]
 85%|████████▌ | 85/100 [00:08<00:01,  9.17it/s]
 87%|████████▋ | 87/100 [00:08<00:01,  8.13it/s]
 88%|████████▊ | 88/100 [00:09<00:01,  7.60it/s]
 90%|█████████ | 90/100 [00:09<00:01,  7.91it/s]
 92%|█████████▏| 92/100 [00:09<00:01,  7.28it/s]
 95%|█████████▌| 95/100 [00:09<00:00,  8.85it/s]
 97%|█████████▋| 97/100 [00:10<00:00,  8.75it/s]
 99%|█████████▉| 99/100 [00:10<00:00, 10.11it/s]
100%|██████████| 100/100 [00:10<00:00,  9.72it/s]

  0%|          | 0/100 [00:00<?, ?it/s]
  2%|▏         | 2/100 [00:00<00:05, 17.66it/s]
  3%|▎         | 3/100 [00:00<00:08, 11.02it/s]
  4%|▍         | 4/100 [00:00<00:11,  8.58it/s]
  5%|▌         | 5/100 [00:00<00:13,  7.21it/s]
  6%|▌         | 6/100 [00:00<00:13,  6.86it/s]
  7%|▋         | 7/100 [00:00<00:13,  6.66it/s]
  8%|▊         | 8/100 [00:01<00:14,  6.56it/s]
  9%|▉         | 9/100 [00:01<00:12,  7.02it/s]
 10%|█         | 10/100 [00:01<00:13,  6.91it/s]
 11%|█         | 11/100 [00:01<00:12,  6.88it/s]
 13%|█▎        | 13/100 [00:01<00:10,  8.41it/s]
 14%|█▍        | 14/100 [00:01<00:10,  8.37it/s]
 15%|█▌        | 15/100 [00:01<00:10,  7.74it/s]
 17%|█▋        | 17/100 [00:02<00:09,  9.01it/s]
 19%|█▉        | 19/100 [00:02<00:09,  8.68it/s]
 20%|██        | 20/100 [00:02<00:09,  8.31it/s]
 23%|██▎       | 23/100 [00:02<00:08,  9.61it/s]
 25%|██▌       | 25/100 [00:02<00:07, 10.57it/s]
 27%|██▋       | 27/100 [00:02<00:06, 11.20it/s]
 29%|██▉       | 29/100 [00:03<00:06, 10.75it/s]
 31%|███       | 31/100 [00:03<00:05, 11.73it/s]
 34%|███▍      | 34/100 [00:03<00:04, 14.09it/s]
 37%|███▋      | 37/100 [00:03<00:03, 15.79it/s]
 39%|███▉      | 39/100 [00:03<00:04, 14.77it/s]
 41%|████      | 41/100 [00:03<00:04, 12.89it/s]
 43%|████▎     | 43/100 [00:04<00:07,  7.45it/s]
 45%|████▌     | 45/100 [00:04<00:09,  5.99it/s]
 47%|████▋     | 47/100 [00:05<00:07,  7.23it/s]
 49%|████▉     | 49/100 [00:05<00:06,  7.56it/s]
 50%|█████     | 50/100 [00:05<00:07,  6.99it/s]
 52%|█████▏    | 52/100 [00:05<00:06,  7.48it/s]
 53%|█████▎    | 53/100 [00:05<00:06,  7.16it/s]
 54%|█████▍    | 54/100 [00:05<00:06,  6.99it/s]
 57%|█████▋    | 57/100 [00:06<00:04,  8.62it/s]
 59%|█████▉    | 59/100 [00:06<00:05,  7.93it/s]
 61%|██████    | 61/100 [00:06<00:04,  9.06it/s]
 63%|██████▎   | 63/100 [00:06<00:04,  8.87it/s]
 65%|██████▌   | 65/100 [00:07<00:03,  8.88it/s]
 67%|██████▋   | 67/100 [00:07<00:03,  8.73it/s]
 68%|██████▊   | 68/100 [00:07<00:04,  7.99it/s]
 70%|███████   | 70/100 [00:07<00:03,  9.64it/s]
 72%|███████▏  | 72/100 [00:07<00:02,  9.50it/s]
 74%|███████▍  | 74/100 [00:08<00:03,  8.36it/s]
 75%|███████▌  | 75/100 [00:08<00:03,  8.26it/s]
 78%|███████▊  | 78/100 [00:08<00:02,  9.36it/s]
 80%|████████  | 80/100 [00:08<00:01, 10.38it/s]
 82%|████████▏ | 82/100 [00:08<00:01, 11.17it/s]
 84%|████████▍ | 84/100 [00:08<00:01, 10.19it/s]
 86%|████████▌ | 86/100 [00:09<00:01,  8.73it/s]
 87%|████████▋ | 87/100 [00:09<00:01,  9.05it/s]
 88%|████████▊ | 88/100 [00:09<00:01,  7.99it/s]
 90%|█████████ | 90/100 [00:09<00:01,  8.59it/s]
 91%|█████████ | 91/100 [00:09<00:01,  7.47it/s]
 93%|█████████▎| 93/100 [00:10<00:00,  7.63it/s]
 94%|█████████▍| 94/100 [00:10<00:00,  8.10it/s]
 95%|█████████▌| 95/100 [00:10<00:00,  7.34it/s]
 97%|█████████▋| 97/100 [00:10<00:00,  8.87it/s]
 99%|█████████▉| 99/100 [00:10<00:00,  9.39it/s]
100%|██████████| 100/100 [00:10<00:00,  9.26it/s]

  0%|          | 0/100 [00:00<?, ?it/s]
  1%|          | 1/100 [00:00<00:15,  6.51it/s]
  3%|▎         | 3/100 [00:00<00:13,  7.33it/s]
  4%|▍         | 4/100 [00:00<00:14,  6.73it/s]
  5%|▌         | 5/100 [00:00<00:12,  7.46it/s]
  6%|▌         | 6/100 [00:00<00:13,  7.13it/s]
  7%|▋         | 7/100 [00:00<00:13,  6.91it/s]
  9%|▉         | 9/100 [00:01<00:11,  7.94it/s]
 10%|█         | 10/100 [00:01<00:12,  7.36it/s]
 11%|█         | 11/100 [00:01<00:11,  7.86it/s]
 14%|█▍        | 14/100 [00:01<00:08,  9.74it/s]
 16%|█▌        | 16/100 [00:01<00:09,  8.88it/s]
 18%|█▊        | 18/100 [00:01<00:07, 10.36it/s]
 20%|██        | 20/100 [00:02<00:06, 11.52it/s]
 22%|██▏       | 22/100 [00:02<00:06, 12.35it/s]
 24%|██▍       | 24/100 [00:02<00:06, 12.03it/s]
 26%|██▌       | 26/100 [00:02<00:07,  9.83it/s]
 29%|██▉       | 29/100 [00:02<00:05, 12.20it/s]
 31%|███       | 31/100 [00:02<00:06, 10.77it/s]
 33%|███▎      | 33/100 [00:03<00:06, 10.01it/s]
 35%|███▌      | 35/100 [00:03<00:06, 10.48it/s]
 37%|███▋      | 37/100 [00:03<00:05, 11.42it/s]
 39%|███▉      | 39/100 [00:03<00:05, 10.84it/s]
 41%|████      | 41/100 [00:04<00:07,  8.38it/s]
 42%|████▏     | 42/100 [00:04<00:07,  7.45it/s]
 43%|████▎     | 43/100 [00:04<00:08,  6.99it/s]
 44%|████▍     | 44/100 [00:04<00:08,  6.59it/s]
 45%|████▌     | 45/100 [00:04<00:07,  6.93it/s]
 46%|████▌     | 46/100 [00:04<00:07,  6.78it/s]
 47%|████▋     | 47/100 [00:05<00:08,  6.32it/s]
 48%|████▊     | 48/100 [00:05<00:08,  6.09it/s]
 49%|████▉     | 49/100 [00:05<00:08,  6.00it/s]
 50%|█████     | 50/100 [00:05<00:07,  6.60it/s]
 51%|█████     | 51/100 [00:05<00:07,  6.33it/s]
 52%|█████▏    | 52/100 [00:05<00:07,  6.33it/s]
 54%|█████▍    | 54/100 [00:06<00:06,  7.45it/s]
 56%|█████▌    | 56/100 [00:06<00:04,  9.12it/s]
 58%|█████▊    | 58/100 [00:06<00:04,  9.82it/s]
 60%|██████    | 60/100 [00:06<00:04,  9.89it/s]
 62%|██████▏   | 62/100 [00:06<00:04,  8.50it/s]
 63%|██████▎   | 63/100 [00:06<00:04,  7.54it/s]
 64%|██████▍   | 64/100 [00:07<00:05,  6.82it/s]
 65%|██████▌   | 65/100 [00:07<00:04,  7.03it/s]
 66%|██████▌   | 66/100 [00:07<00:04,  6.90it/s]
 67%|██████▋   | 67/100 [00:07<00:05,  6.58it/s]
 68%|██████▊   | 68/100 [00:07<00:04,  6.68it/s]
 69%|██████▉   | 69/100 [00:07<00:05,  6.08it/s]
 70%|███████   | 70/100 [00:08<00:04,  6.86it/s]
 71%|███████   | 71/100 [00:08<00:04,  6.20it/s]
 72%|███████▏  | 72/100 [00:08<00:04,  6.06it/s]
 73%|███████▎  | 73/100 [00:08<00:04,  5.74it/s]
 74%|███████▍  | 74/100 [00:08<00:04,  5.59it/s]
 75%|███████▌  | 75/100 [00:08<00:04,  5.51it/s]
 76%|███████▌  | 76/100 [00:09<00:04,  5.79it/s]
 77%|███████▋  | 77/100 [00:09<00:03,  5.88it/s]
 78%|███████▊  | 78/100 [00:09<00:03,  6.35it/s]
 79%|███████▉  | 79/100 [00:09<00:02,  7.12it/s]
 81%|████████  | 81/100 [00:09<00:02,  8.79it/s]
 83%|████████▎ | 83/100 [00:09<00:01,  9.47it/s]
 85%|████████▌ | 85/100 [00:09<00:01,  9.80it/s]
 87%|████████▋ | 87/100 [00:10<00:01,  9.09it/s]
 89%|████████▉ | 89/100 [00:10<00:01,  8.87it/s]
 91%|█████████ | 91/100 [00:10<00:00, 10.06it/s]
 93%|█████████▎| 93/100 [00:10<00:00, 11.43it/s]
 95%|█████████▌| 95/100 [00:10<00:00, 11.12it/s]
 97%|█████████▋| 97/100 [00:11<00:00, 12.73it/s]
 99%|█████████▉| 99/100 [00:11<00:00, 13.91it/s]
100%|██████████| 100/100 [00:11<00:00,  8.90it/s]

  0%|          | 0/100 [00:00<?, ?it/s]
  1%|          | 1/100 [00:00<00:11,  8.78it/s]
  2%|▏         | 2/100 [00:00<00:11,  8.60it/s]
  4%|▍         | 4/100 [00:00<00:09, 10.07it/s]
  6%|▌         | 6/100 [00:00<00:08, 11.41it/s]
  8%|▊         | 8/100 [00:00<00:08, 11.29it/s]
 10%|█         | 10/100 [00:00<00:08, 10.59it/s]
 12%|█▏        | 12/100 [00:01<00:10,  8.79it/s]
 14%|█▍        | 14/100 [00:01<00:09,  8.84it/s]
 16%|█▌        | 16/100 [00:01<00:08,  9.88it/s]
 18%|█▊        | 18/100 [00:01<00:09,  8.52it/s]
 19%|█▉        | 19/100 [00:01<00:09,  8.49it/s]
 21%|██        | 21/100 [00:02<00:09,  8.16it/s]
 23%|██▎       | 23/100 [00:02<00:09,  8.25it/s]
 25%|██▌       | 25/100 [00:02<00:07,  9.50it/s]
 27%|██▋       | 27/100 [00:02<00:06, 10.54it/s]
 29%|██▉       | 29/100 [00:02<00:06, 11.42it/s]
 31%|███       | 31/100 [00:03<00:05, 12.73it/s]
 33%|███▎      | 33/100 [00:03<00:06, 10.97it/s]
 36%|███▌      | 36/100 [00:03<00:05, 12.39it/s]
 38%|███▊      | 38/100 [00:03<00:05, 11.24it/s]
 40%|████      | 40/100 [00:03<00:05, 10.87it/s]
 43%|████▎     | 43/100 [00:04<00:04, 12.01it/s]
 45%|████▌     | 45/100 [00:04<00:04, 13.38it/s]
 47%|████▋     | 47/100 [00:04<00:04, 11.54it/s]
 49%|████▉     | 49/100 [00:04<00:03, 12.78it/s]
 51%|█████     | 51/100 [00:04<00:04,  9.89it/s]
 53%|█████▎    | 53/100 [00:04<00:04, 10.26it/s]
 55%|█████▌    | 55/100 [00:05<00:04, 10.61it/s]
 57%|█████▋    | 57/100 [00:05<00:06,  6.85it/s]
 58%|█████▊    | 58/100 [00:05<00:07,  5.64it/s]
 59%|█████▉    | 59/100 [00:06<00:08,  4.78it/s]
 60%|██████    | 60/100 [00:06<00:08,  4.73it/s]
 62%|██████▏   | 62/100 [00:06<00:06,  5.50it/s]
 63%|██████▎   | 63/100 [00:06<00:06,  6.08it/s]
 65%|██████▌   | 65/100 [00:06<00:05,  6.95it/s]
 66%|██████▌   | 66/100 [00:07<00:04,  6.95it/s]
 67%|██████▋   | 67/100 [00:07<00:04,  7.14it/s]
 69%|██████▉   | 69/100 [00:07<00:03,  8.18it/s]
 71%|███████   | 71/100 [00:07<00:03,  9.29it/s]
 73%|███████▎  | 73/100 [00:07<00:02,  9.11it/s]
 74%|███████▍  | 74/100 [00:07<00:02,  8.82it/s]
 75%|███████▌  | 75/100 [00:08<00:03,  8.29it/s]
 76%|███████▌  | 76/100 [00:08<00:03,  7.85it/s]
 78%|███████▊  | 78/100 [00:08<00:02,  8.07it/s]
 79%|███████▉  | 79/100 [00:08<00:02,  8.08it/s]
 80%|████████  | 80/100 [00:08<00:02,  7.46it/s]
 81%|████████  | 81/100 [00:08<00:02,  7.22it/s]
 82%|████████▏ | 82/100 [00:08<00:02,  7.55it/s]
 83%|████████▎ | 83/100 [00:09<00:02,  7.05it/s]
 85%|████████▌ | 85/100 [00:09<00:01,  7.75it/s]
 86%|████████▌ | 86/100 [00:09<00:01,  7.78it/s]
 89%|████████▉ | 89/100 [00:09<00:01,  9.55it/s]
 92%|█████████▏| 92/100 [00:09<00:00,  9.90it/s]
 94%|█████████▍| 94/100 [00:10<00:00,  7.95it/s]
 96%|█████████▌| 96/100 [00:10<00:00,  7.96it/s]
 97%|█████████▋| 97/100 [00:10<00:00,  6.88it/s]
 98%|█████████▊| 98/100 [00:10<00:00,  6.28it/s]
 99%|█████████▉| 99/100 [00:11<00:00,  6.05it/s]
100%|██████████| 100/100 [00:11<00:00,  5.68it/s]
100%|██████████| 100/100 [00:11<00:00,  8.87it/s]

  0%|          | 0/100 [00:00<?, ?it/s]
  1%|          | 1/100 [00:00<00:10,  9.68it/s]
  3%|▎         | 3/100 [00:00<00:09, 10.64it/s]
  5%|▌         | 5/100 [00:00<00:07, 12.34it/s]
  7%|▋         | 7/100 [00:00<00:07, 12.70it/s]
 10%|█         | 10/100 [00:00<00:06, 14.51it/s]
 12%|█▏        | 12/100 [00:00<00:06, 13.82it/s]
 14%|█▍        | 14/100 [00:00<00:05, 14.63it/s]
 16%|█▌        | 16/100 [00:01<00:06, 13.03it/s]
 18%|█▊        | 18/100 [00:01<00:06, 12.52it/s]
 20%|██        | 20/100 [00:01<00:05, 13.87it/s]
 22%|██▏       | 22/100 [00:01<00:06, 11.42it/s]
 24%|██▍       | 24/100 [00:01<00:07,  9.89it/s]
 26%|██▌       | 26/100 [00:02<00:07, 10.09it/s]
 29%|██▉       | 29/100 [00:02<00:06, 11.65it/s]
 31%|███       | 31/100 [00:02<00:06, 10.64it/s]
 33%|███▎      | 33/100 [00:02<00:06, 10.13it/s]
 35%|███▌      | 35/100 [00:02<00:06,  9.92it/s]
 37%|███▋      | 37/100 [00:03<00:06,  9.75it/s]
 39%|███▉      | 39/100 [00:03<00:06,  9.91it/s]
 41%|████      | 41/100 [00:03<00:05, 11.04it/s]
 43%|████▎     | 43/100 [00:03<00:05, 10.30it/s]
 45%|████▌     | 45/100 [00:03<00:05, 10.05it/s]
 47%|████▋     | 47/100 [00:04<00:04, 10.62it/s]
 49%|████▉     | 49/100 [00:04<00:04, 11.59it/s]
 51%|█████     | 51/100 [00:04<00:04, 10.85it/s]
 53%|█████▎    | 53/100 [00:04<00:04,  9.66it/s]
 55%|█████▌    | 55/100 [00:04<00:04, 10.50it/s]
 57%|█████▋    | 57/100 [00:04<00:03, 10.86it/s]
 59%|█████▉    | 59/100 [00:05<00:03, 11.06it/s]
 61%|██████    | 61/100 [00:05<00:03, 11.68it/s]
 63%|██████▎   | 63/100 [00:05<00:03, 10.78it/s]
 65%|██████▌   | 65/100 [00:05<00:03, 11.49it/s]
 67%|██████▋   | 67/100 [00:05<00:02, 11.74it/s]
 70%|███████   | 70/100 [00:06<00:02, 12.43it/s]
 72%|███████▏  | 72/100 [00:06<00:02, 11.62it/s]
 74%|███████▍  | 74/100 [00:06<00:02, 11.46it/s]
 76%|███████▌  | 76/100 [00:06<00:01, 12.17it/s]
 79%|███████▉  | 79/100 [00:06<00:01, 13.03it/s]
 81%|████████  | 81/100 [00:06<00:01, 12.79it/s]
 83%|████████▎ | 83/100 [00:07<00:01, 11.06it/s]
 85%|████████▌ | 85/100 [00:07<00:01, 12.48it/s]
 87%|████████▋ | 87/100 [00:07<00:01, 10.69it/s]
 89%|████████▉ | 89/100 [00:07<00:01,  9.10it/s]
 91%|█████████ | 91/100 [00:08<00:00,  9.44it/s]
 93%|█████████▎| 93/100 [00:08<00:00,  9.03it/s]
 95%|█████████▌| 95/100 [00:08<00:00,  9.71it/s]
 97%|█████████▋| 97/100 [00:08<00:00, 10.10it/s]
 99%|█████████▉| 99/100 [00:08<00:00, 10.97it/s]
100%|██████████| 100/100 [00:08<00:00, 11.28it/s]

  0%|          | 0/100 [00:00<?, ?it/s]
  1%|          | 1/100 [00:00<00:14,  6.92it/s]
  3%|▎         | 3/100 [00:00<00:12,  7.98it/s]
  5%|▌         | 5/100 [00:00<00:11,  8.57it/s]
  6%|▌         | 6/100 [00:00<00:10,  8.58it/s]
  7%|▋         | 7/100 [00:00<00:11,  7.86it/s]
  9%|▉         | 9/100 [00:00<00:09,  9.32it/s]
 11%|█         | 11/100 [00:01<00:09,  8.94it/s]
 13%|█▎        | 13/100 [00:01<00:09,  9.32it/s]
 16%|█▌        | 16/100 [00:01<00:07, 11.39it/s]
 18%|█▊        | 18/100 [00:01<00:06, 12.71it/s]
 20%|██        | 20/100 [00:01<00:07, 10.91it/s]
 22%|██▏       | 22/100 [00:02<00:09,  8.56it/s]
 24%|██▍       | 24/100 [00:02<00:08,  9.28it/s]
 26%|██▌       | 26/100 [00:02<00:09,  7.93it/s]
 27%|██▋       | 27/100 [00:02<00:10,  6.99it/s]
 28%|██▊       | 28/100 [00:03<00:10,  6.63it/s]
 29%|██▉       | 29/100 [00:03<00:11,  6.17it/s]
 30%|███       | 30/100 [00:03<00:12,  5.66it/s]
 31%|███       | 31/100 [00:03<00:11,  5.99it/s]
 32%|███▏      | 32/100 [00:03<00:11,  5.80it/s]
 33%|███▎      | 33/100 [00:03<00:11,  5.60it/s]
 34%|███▍      | 34/100 [00:04<00:11,  5.54it/s]
 35%|███▌      | 35/100 [00:04<00:11,  5.66it/s]
 36%|███▌      | 36/100 [00:04<00:10,  5.97it/s]
 38%|███▊      | 38/100 [00:04<00:09,  6.85it/s]
 40%|████      | 40/100 [00:04<00:07,  8.31it/s]
 42%|████▏     | 42/100 [00:04<00:06,  9.45it/s]
 44%|████▍     | 44/100 [00:05<00:05, 11.10it/s]
 47%|████▋     | 47/100 [00:05<00:04, 11.68it/s]
 49%|████▉     | 49/100 [00:05<00:04, 12.32it/s]
 51%|█████     | 51/100 [00:05<00:04, 11.90it/s]
 53%|█████▎    | 53/100 [00:05<00:04, 10.91it/s]
 55%|█████▌    | 55/100 [00:06<00:04, 10.02it/s]
 57%|█████▋    | 57/100 [00:06<00:04,  9.35it/s]
 58%|█████▊    | 58/100 [00:06<00:05,  8.31it/s]
 59%|█████▉    | 59/100 [00:06<00:05,  7.04it/s]
 60%|██████    | 60/100 [00:06<00:06,  6.45it/s]
 61%|██████    | 61/100 [00:06<00:06,  6.16it/s]
 62%|██████▏   | 62/100 [00:07<00:06,  6.07it/s]
 63%|██████▎   | 63/100 [00:07<00:06,  5.95it/s]
 64%|██████▍   | 64/100 [00:07<00:06,  5.86it/s]
 66%|██████▌   | 66/100 [00:07<00:04,  6.98it/s]
 68%|██████▊   | 68/100 [00:07<00:04,  7.99it/s]
 69%|██████▉   | 69/100 [00:07<00:03,  7.90it/s]
 70%|███████   | 70/100 [00:08<00:04,  7.01it/s]
 71%|███████   | 71/100 [00:08<00:04,  5.90it/s]
 72%|███████▏  | 72/100 [00:08<00:05,  4.93it/s]
 73%|███████▎  | 73/100 [00:08<00:05,  4.99it/s]
 74%|███████▍  | 74/100 [00:08<00:04,  5.47it/s]
 75%|███████▌  | 75/100 [00:09<00:04,  5.83it/s]
 77%|███████▋  | 77/100 [00:09<00:03,  6.71it/s]
 78%|███████▊  | 78/100 [00:09<00:03,  6.95it/s]
 79%|███████▉  | 79/100 [00:09<00:02,  7.47it/s]
 81%|████████  | 81/100 [00:09<00:02,  8.85it/s]
 83%|████████▎ | 83/100 [00:09<00:01,  9.12it/s]
 85%|████████▌ | 85/100 [00:10<00:01,  8.98it/s]
 87%|████████▋ | 87/100 [00:10<00:01,  9.42it/s]
 89%|████████▉ | 89/100 [00:10<00:01,  9.53it/s]
 91%|█████████ | 91/100 [00:10<00:00, 10.11it/s]
 93%|█████████▎| 93/100 [00:11<00:00,  7.94it/s]
 95%|█████████▌| 95/100 [00:11<00:00,  8.82it/s]
 96%|█████████▌| 96/100 [00:11<00:00,  8.94it/s]
 99%|█████████▉| 99/100 [00:11<00:00, 10.85it/s]
100%|██████████| 100/100 [00:11<00:00,  8.64it/s]

  0%|          | 0/100 [00:00<?, ?it/s]
  2%|▏         | 2/100 [00:00<00:05, 16.96it/s]
  4%|▍         | 4/100 [00:00<00:05, 16.42it/s]
  6%|▌         | 6/100 [00:00<00:05, 16.57it/s]
  8%|▊         | 8/100 [00:00<00:07, 11.73it/s]
 11%|█         | 11/100 [00:00<00:06, 13.64it/s]
 13%|█▎        | 13/100 [00:00<00:06, 13.52it/s]
 15%|█▌        | 15/100 [00:01<00:11,  7.67it/s]
 17%|█▋        | 17/100 [00:01<00:12,  6.64it/s]
 18%|█▊        | 18/100 [00:02<00:14,  5.51it/s]
 19%|█▉        | 19/100 [00:02<00:16,  4.77it/s]
 20%|██        | 20/100 [00:02<00:18,  4.38it/s]
 21%|██        | 21/100 [00:02<00:17,  4.58it/s]
 22%|██▏       | 22/100 [00:03<00:18,  4.25it/s]
 23%|██▎       | 23/100 [00:03<00:15,  5.02it/s]
 26%|██▌       | 26/100 [00:03<00:11,  6.56it/s]
 28%|██▊       | 28/100 [00:03<00:12,  5.64it/s]
 29%|██▉       | 29/100 [00:03<00:11,  6.26it/s]
 30%|███       | 30/100 [00:04<00:10,  6.67it/s]
 32%|███▏      | 32/100 [00:04<00:08,  8.11it/s]
 35%|███▌      | 35/100 [00:04<00:06,  9.66it/s]
 37%|███▋      | 37/100 [00:04<00:06,  9.60it/s]
 39%|███▉      | 39/100 [00:04<00:05, 10.35it/s]
 42%|████▏     | 42/100 [00:04<00:04, 12.78it/s]
 44%|████▍     | 44/100 [00:05<00:05,  9.57it/s]
 46%|████▌     | 46/100 [00:05<00:05, 10.55it/s]
 49%|████▉     | 49/100 [00:05<00:04, 11.40it/s]
 52%|█████▏    | 52/100 [00:05<00:03, 13.43it/s]
 54%|█████▍    | 54/100 [00:05<00:03, 14.45it/s]
 57%|█████▋    | 57/100 [00:06<00:03, 12.58it/s]
 59%|█████▉    | 59/100 [00:06<00:06,  6.38it/s]
 61%|██████    | 61/100 [00:07<00:07,  5.07it/s]
 62%|██████▏   | 62/100 [00:07<00:09,  4.05it/s]
 63%|██████▎   | 63/100 [00:08<00:09,  3.91it/s]
 64%|██████▍   | 64/100 [00:08<00:08,  4.24it/s]
 66%|██████▌   | 66/100 [00:08<00:06,  5.35it/s]
 67%|██████▋   | 67/100 [00:08<00:06,  5.19it/s]
 68%|██████▊   | 68/100 [00:08<00:07,  4.26it/s]
 69%|██████▉   | 69/100 [00:09<00:06,  4.94it/s]
 70%|███████   | 70/100 [00:09<00:05,  5.56it/s]
 72%|███████▏  | 72/100 [00:09<00:04,  6.84it/s]
 73%|███████▎  | 73/100 [00:09<00:03,  7.09it/s]
 74%|███████▍  | 74/100 [00:09<00:03,  6.74it/s]
 75%|███████▌  | 75/100 [00:09<00:03,  7.09it/s]
 77%|███████▋  | 77/100 [00:09<00:02,  7.86it/s]
 78%|███████▊  | 78/100 [00:10<00:03,  6.22it/s]
 79%|███████▉  | 79/100 [00:10<00:03,  6.92it/s]
 81%|████████  | 81/100 [00:10<00:02,  8.52it/s]
 83%|████████▎ | 83/100 [00:10<00:02,  8.03it/s]
 84%|████████▍ | 84/100 [00:10<00:03,  5.12it/s]
 85%|████████▌ | 85/100 [00:11<00:03,  4.76it/s]
 86%|████████▌ | 86/100 [00:11<00:03,  4.18it/s]
 87%|████████▋ | 87/100 [00:11<00:03,  3.74it/s]
 88%|████████▊ | 88/100 [00:12<00:03,  3.55it/s]
 89%|████████▉ | 89/100 [00:12<00:02,  3.93it/s]
 90%|█████████ | 90/100 [00:12<00:02,  4.18it/s]
 91%|█████████ | 91/100 [00:12<00:01,  4.82it/s]
 93%|█████████▎| 93/100 [00:12<00:01,  6.13it/s]
 95%|█████████▌| 95/100 [00:13<00:00,  6.98it/s]
 97%|█████████▋| 97/100 [00:13<00:00,  8.16it/s]
 99%|█████████▉| 99/100 [00:13<00:00,  8.40it/s]
100%|██████████| 100/100 [00:13<00:00,  7.40it/s]
== Dataset: Found 82240 items 
== Dataset: Found 4112 classes
== Dataset: Found 13760 items 
== Dataset: Found 688 classes
== Dataset: Found 33840 items 
== Dataset: Found 1692 classes
=== Epoch: 0 ===
Avg Train Loss: 1.8432586240768432, Avg Train Acc: 0.5547333316504955
Avg Val Loss: 0.6626611354947091, Avg Val Acc: 0.7845333325862884 (Best)
=== Epoch: 1 ===
Avg Train Loss: 0.8666557371616364, Avg Train Acc: 0.7557333338260651
Avg Val Loss: 0.5192729848623275, Avg Val Acc: 0.8390333342552185 (Best)
=== Epoch: 2 ===
Avg Train Loss: 0.662409687936306, Avg Train Acc: 0.8076333332061768
Avg Val Loss: 0.42029326155781743, Avg Val Acc: 0.863366670012474 (Best)
=== Epoch: 3 ===
Avg Train Loss: 0.559824001789093, Avg Train Acc: 0.836499993801117
Avg Val Loss: 0.3633428932726383, Avg Val Acc: 0.8837666696310044 (Best)
=== Epoch: 4 ===
Avg Train Loss: 0.49033650040626525, Avg Train Acc: 0.8552999979257584
Avg Val Loss: 0.3101189897954464, Avg Val Acc: 0.9028999990224839 (Best)
=== Epoch: 5 ===
Avg Train Loss: 0.4281451332569122, Avg Train Acc: 0.8744333320856095
Avg Val Loss: 0.2977822078764439, Avg Val Acc: 0.9029333329200745 (Best)
=== Epoch: 6 ===
Avg Train Loss: 0.39318180188536644, Avg Train Acc: 0.8846333330869675
Avg Val Loss: 0.273090757727623, Avg Val Acc: 0.9123666685819626 (Best)
=== Epoch: 7 ===
Avg Train Loss: 0.37750195965170863, Avg Train Acc: 0.8865666657686233
Avg Val Loss: 0.22827842958271505, Avg Val Acc: 0.928833333849907 (Best)
=== Epoch: 8 ===
Avg Train Loss: 0.35592195510864255, Avg Train Acc: 0.8958666676282883
Avg Val Loss: 0.25823324628174305, Avg Val Acc: 0.9169666683673858 (Best: 0.928833333849907)
=== Epoch: 9 ===
Avg Train Loss: 0.3390578819066286, Avg Train Acc: 0.8946333318948746
Avg Val Loss: 0.22132144764065742, Avg Val Acc: 0.9262333327531814 (Best: 0.928833333849907)
=== Epoch: 10 ===
Avg Train Loss: 0.33185831770300867, Avg Train Acc: 0.9062333369255066
Avg Val Loss: 0.2225346766412258, Avg Val Acc: 0.9307666689157486 (Best)
=== Epoch: 11 ===
Avg Train Loss: 0.3348471948504448, Avg Train Acc: 0.9032999974489212
Avg Val Loss: 0.23645664393901825, Avg Val Acc: 0.9232333344221115 (Best: 0.9307666689157486)
=== Epoch: 12 ===
Avg Train Loss: 0.30129929512739184, Avg Train Acc: 0.9102666664123535
Avg Val Loss: 0.2273682103678584, Avg Val Acc: 0.9304999989271164 (Best: 0.9307666689157486)
=== Epoch: 13 ===
Avg Train Loss: 0.2865164425969124, Avg Train Acc: 0.9151333338022232
Avg Val Loss: 0.1979127550125122, Avg Val Acc: 0.9372000008821487 (Best)
=== Epoch: 14 ===
Avg Train Loss: 0.28804893165826795, Avg Train Acc: 0.9149000018835067
Avg Val Loss: 0.20757760860025884, Avg Val Acc: 0.9349999994039535 (Best: 0.9372000008821487)
Testing with last model..
Test Acc: 0.9444600004553795
Testing with best model..
Test Acc: 0.9446833332180977
