
  0%|          | 0/100 [00:00<?, ?it/s]/DATA/raj13/.local/lib/python3.7/site-packages/torch/nn/functional.py:718: UserWarning: Named tensors and all their associated APIs are an experimental feature and subject to change. Please do not use them for anything important until they are released as stable. (Triggered internally at  /pytorch/c10/core/TensorImpl.h:1156.)
  return torch.max_pool2d(input, kernel_size, stride, padding, dilation, ceil_mode)

  1%|          | 1/100 [00:00<00:24,  4.07it/s]
  2%|▏         | 2/100 [00:00<00:21,  4.66it/s]
  3%|▎         | 3/100 [00:00<00:18,  5.19it/s]
  4%|▍         | 4/100 [00:00<00:16,  5.66it/s]
  5%|▌         | 5/100 [00:00<00:16,  5.61it/s]
  6%|▌         | 6/100 [00:01<00:17,  5.52it/s]
  7%|▋         | 7/100 [00:01<00:16,  5.58it/s]
  8%|▊         | 8/100 [00:01<00:15,  5.85it/s]
  9%|▉         | 9/100 [00:01<00:13,  6.65it/s]
 10%|█         | 10/100 [00:01<00:14,  6.04it/s]
 11%|█         | 11/100 [00:01<00:14,  6.13it/s]
 12%|█▏        | 12/100 [00:02<00:15,  5.86it/s]
 13%|█▎        | 13/100 [00:02<00:14,  5.86it/s]
 14%|█▍        | 14/100 [00:02<00:15,  5.66it/s]
 15%|█▌        | 15/100 [00:02<00:14,  5.95it/s]
 17%|█▋        | 17/100 [00:02<00:11,  7.43it/s]
 18%|█▊        | 18/100 [00:02<00:10,  7.64it/s]
 20%|██        | 20/100 [00:02<00:09,  8.49it/s]
 22%|██▏       | 22/100 [00:03<00:09,  8.49it/s]
 23%|██▎       | 23/100 [00:03<00:10,  7.19it/s]
 24%|██▍       | 24/100 [00:03<00:10,  7.21it/s]
 25%|██▌       | 25/100 [00:03<00:09,  7.70it/s]
 27%|██▋       | 27/100 [00:03<00:08,  9.09it/s]
 29%|██▉       | 29/100 [00:03<00:06, 10.41it/s]
 31%|███       | 31/100 [00:04<00:06, 10.62it/s]
 33%|███▎      | 33/100 [00:04<00:07,  8.62it/s]
 35%|███▌      | 35/100 [00:04<00:10,  6.32it/s]
 36%|███▌      | 36/100 [00:05<00:11,  5.41it/s]
 37%|███▋      | 37/100 [00:05<00:12,  5.04it/s]
 38%|███▊      | 38/100 [00:05<00:12,  5.05it/s]
 40%|████      | 40/100 [00:05<00:09,  6.48it/s]
 43%|████▎     | 43/100 [00:05<00:07,  7.94it/s]
 45%|████▌     | 45/100 [00:06<00:07,  7.27it/s]
 47%|████▋     | 47/100 [00:06<00:08,  6.46it/s]
 48%|████▊     | 48/100 [00:06<00:08,  6.26it/s]
 49%|████▉     | 49/100 [00:06<00:08,  5.80it/s]
 50%|█████     | 50/100 [00:07<00:08,  5.67it/s]
 51%|█████     | 51/100 [00:07<00:08,  5.71it/s]
 52%|█████▏    | 52/100 [00:07<00:08,  5.63it/s]
 53%|█████▎    | 53/100 [00:07<00:08,  5.56it/s]
 54%|█████▍    | 54/100 [00:07<00:08,  5.25it/s]
 55%|█████▌    | 55/100 [00:08<00:08,  5.39it/s]
 56%|█████▌    | 56/100 [00:08<00:07,  5.50it/s]
 57%|█████▋    | 57/100 [00:08<00:07,  5.46it/s]
 58%|█████▊    | 58/100 [00:08<00:07,  5.28it/s]
 59%|█████▉    | 59/100 [00:08<00:07,  5.43it/s]
 60%|██████    | 60/100 [00:08<00:06,  5.76it/s]
 61%|██████    | 61/100 [00:09<00:06,  5.93it/s]
 62%|██████▏   | 62/100 [00:09<00:06,  6.10it/s]
 63%|██████▎   | 63/100 [00:09<00:06,  5.84it/s]
 64%|██████▍   | 64/100 [00:09<00:06,  5.86it/s]
 65%|██████▌   | 65/100 [00:09<00:05,  5.92it/s]
 66%|██████▌   | 66/100 [00:09<00:06,  5.54it/s]
 67%|██████▋   | 67/100 [00:10<00:06,  5.40it/s]
 68%|██████▊   | 68/100 [00:10<00:06,  5.31it/s]
 69%|██████▉   | 69/100 [00:10<00:06,  4.86it/s]
 70%|███████   | 70/100 [00:10<00:06,  4.82it/s]
 71%|███████   | 71/100 [00:11<00:06,  4.60it/s]
 72%|███████▏  | 72/100 [00:11<00:06,  4.59it/s]
 73%|███████▎  | 73/100 [00:11<00:05,  4.90it/s]
 74%|███████▍  | 74/100 [00:11<00:05,  4.74it/s]
 75%|███████▌  | 75/100 [00:11<00:05,  4.92it/s]
 76%|███████▌  | 76/100 [00:12<00:04,  5.14it/s]
 77%|███████▋  | 77/100 [00:12<00:04,  5.31it/s]
 78%|███████▊  | 78/100 [00:12<00:04,  5.34it/s]
 79%|███████▉  | 79/100 [00:12<00:03,  5.39it/s]
 81%|████████  | 81/100 [00:12<00:03,  6.00it/s]
 82%|████████▏ | 82/100 [00:12<00:02,  6.22it/s]
 84%|████████▍ | 84/100 [00:13<00:02,  6.79it/s]
 85%|████████▌ | 85/100 [00:13<00:02,  6.52it/s]
 86%|████████▌ | 86/100 [00:13<00:02,  6.34it/s]
 87%|████████▋ | 87/100 [00:13<00:02,  6.29it/s]
 88%|████████▊ | 88/100 [00:13<00:01,  6.09it/s]
 90%|█████████ | 90/100 [00:14<00:01,  7.04it/s]
 92%|█████████▏| 92/100 [00:14<00:00,  8.40it/s]
 93%|█████████▎| 93/100 [00:14<00:00,  7.15it/s]
 94%|█████████▍| 94/100 [00:14<00:01,  5.79it/s]
 95%|█████████▌| 95/100 [00:14<00:00,  5.62it/s]
 96%|█████████▌| 96/100 [00:14<00:00,  5.90it/s]
 97%|█████████▋| 97/100 [00:15<00:00,  5.56it/s]
 99%|█████████▉| 99/100 [00:15<00:00,  6.66it/s]
100%|██████████| 100/100 [00:15<00:00,  6.46it/s]
100%|██████████| 100/100 [00:15<00:00,  6.45it/s]

  0%|          | 0/100 [00:00<?, ?it/s]
  1%|          | 1/100 [00:00<00:13,  7.55it/s]
  3%|▎         | 3/100 [00:00<00:13,  7.45it/s]
  4%|▍         | 4/100 [00:00<00:14,  6.45it/s]
  5%|▌         | 5/100 [00:00<00:14,  6.56it/s]
  6%|▌         | 6/100 [00:00<00:13,  6.95it/s]
  7%|▋         | 7/100 [00:01<00:14,  6.55it/s]
  8%|▊         | 8/100 [00:01<00:14,  6.33it/s]
  9%|▉         | 9/100 [00:01<00:14,  6.19it/s]
 10%|█         | 10/100 [00:01<00:14,  6.00it/s]
 13%|█▎        | 13/100 [00:01<00:11,  7.78it/s]
 15%|█▌        | 15/100 [00:02<00:11,  7.11it/s]
 16%|█▌        | 16/100 [00:02<00:14,  5.92it/s]
 17%|█▋        | 17/100 [00:02<00:14,  5.92it/s]
 18%|█▊        | 18/100 [00:02<00:14,  5.81it/s]
 19%|█▉        | 19/100 [00:02<00:12,  6.32it/s]
 20%|██        | 20/100 [00:02<00:13,  6.05it/s]
 21%|██        | 21/100 [00:03<00:13,  5.96it/s]
 23%|██▎       | 23/100 [00:03<00:12,  5.98it/s]
 24%|██▍       | 24/100 [00:03<00:14,  5.15it/s]
 25%|██▌       | 25/100 [00:03<00:16,  4.46it/s]
 26%|██▌       | 26/100 [00:04<00:17,  4.19it/s]
 27%|██▋       | 27/100 [00:04<00:17,  4.19it/s]
 28%|██▊       | 28/100 [00:04<00:18,  3.99it/s]
 29%|██▉       | 29/100 [00:05<00:17,  4.07it/s]
 30%|███       | 30/100 [00:05<00:16,  4.28it/s]
 31%|███       | 31/100 [00:05<00:14,  4.60it/s]
 32%|███▏      | 32/100 [00:05<00:14,  4.83it/s]
 33%|███▎      | 33/100 [00:05<00:14,  4.72it/s]
 34%|███▍      | 34/100 [00:05<00:13,  4.79it/s]
 35%|███▌      | 35/100 [00:06<00:13,  4.94it/s]
 36%|███▌      | 36/100 [00:06<00:12,  4.99it/s]
 37%|███▋      | 37/100 [00:06<00:12,  5.02it/s]
 38%|███▊      | 38/100 [00:06<00:12,  5.11it/s]
 39%|███▉      | 39/100 [00:06<00:11,  5.31it/s]
 40%|████      | 40/100 [00:07<00:11,  5.14it/s]
 41%|████      | 41/100 [00:07<00:12,  4.75it/s]
 42%|████▏     | 42/100 [00:07<00:11,  5.07it/s]
 43%|████▎     | 43/100 [00:07<00:11,  5.11it/s]
 44%|████▍     | 44/100 [00:07<00:09,  5.67it/s]
 45%|████▌     | 45/100 [00:08<00:09,  5.92it/s]
 47%|████▋     | 47/100 [00:08<00:07,  7.08it/s]
 48%|████▊     | 48/100 [00:08<00:07,  6.70it/s]
 49%|████▉     | 49/100 [00:08<00:07,  6.44it/s]
 50%|█████     | 50/100 [00:08<00:07,  6.28it/s]
 51%|█████     | 51/100 [00:08<00:08,  6.11it/s]
 52%|█████▏    | 52/100 [00:08<00:07,  6.58it/s]
 54%|█████▍    | 54/100 [00:09<00:05,  7.87it/s]
 55%|█████▌    | 55/100 [00:09<00:06,  7.24it/s]
 56%|█████▌    | 56/100 [00:09<00:06,  6.42it/s]
 57%|█████▋    | 57/100 [00:09<00:06,  6.37it/s]
 58%|█████▊    | 58/100 [00:09<00:06,  6.17it/s]
 59%|█████▉    | 59/100 [00:09<00:06,  6.35it/s]
 60%|██████    | 60/100 [00:10<00:06,  6.49it/s]
 61%|██████    | 61/100 [00:10<00:05,  6.77it/s]
 62%|██████▏   | 62/100 [00:10<00:06,  6.19it/s]
 63%|██████▎   | 63/100 [00:10<00:06,  6.01it/s]
 65%|██████▌   | 65/100 [00:10<00:05,  6.87it/s]
 66%|██████▌   | 66/100 [00:10<00:04,  7.53it/s]
 67%|██████▋   | 67/100 [00:11<00:04,  6.82it/s]
 68%|██████▊   | 68/100 [00:11<00:04,  7.24it/s]
 69%|██████▉   | 69/100 [00:11<00:04,  6.72it/s]
 70%|███████   | 70/100 [00:11<00:04,  6.32it/s]
 71%|███████   | 71/100 [00:11<00:05,  5.46it/s]
 72%|███████▏  | 72/100 [00:11<00:05,  5.44it/s]
 73%|███████▎  | 73/100 [00:12<00:04,  5.57it/s]
 75%|███████▌  | 75/100 [00:12<00:04,  6.04it/s]
 76%|███████▌  | 76/100 [00:12<00:04,  5.66it/s]
 77%|███████▋  | 77/100 [00:12<00:04,  5.44it/s]
 78%|███████▊  | 78/100 [00:13<00:04,  5.39it/s]
 79%|███████▉  | 79/100 [00:13<00:03,  5.62it/s]
 80%|████████  | 80/100 [00:13<00:03,  5.45it/s]
 81%|████████  | 81/100 [00:13<00:03,  5.44it/s]
 82%|████████▏ | 82/100 [00:13<00:03,  5.30it/s]
 83%|████████▎ | 83/100 [00:13<00:03,  5.08it/s]
 84%|████████▍ | 84/100 [00:14<00:03,  4.83it/s]
 85%|████████▌ | 85/100 [00:14<00:03,  4.83it/s]
 86%|████████▌ | 86/100 [00:14<00:02,  4.89it/s]
 87%|████████▋ | 87/100 [00:14<00:02,  4.84it/s]
 88%|████████▊ | 88/100 [00:15<00:02,  4.70it/s]
 89%|████████▉ | 89/100 [00:15<00:02,  4.63it/s]
 90%|█████████ | 90/100 [00:15<00:02,  4.76it/s]
 92%|█████████▏| 92/100 [00:15<00:01,  5.64it/s]
 93%|█████████▎| 93/100 [00:15<00:01,  5.38it/s]
 94%|█████████▍| 94/100 [00:16<00:01,  5.26it/s]
 96%|█████████▌| 96/100 [00:16<00:00,  6.45it/s]
 98%|█████████▊| 98/100 [00:16<00:00,  7.02it/s]
 99%|█████████▉| 99/100 [00:16<00:00,  6.14it/s]
100%|██████████| 100/100 [00:16<00:00,  5.87it/s]
100%|██████████| 100/100 [00:16<00:00,  5.93it/s]

  0%|          | 0/100 [00:00<?, ?it/s]
  1%|          | 1/100 [00:00<00:15,  6.46it/s]
  2%|▏         | 2/100 [00:00<00:15,  6.22it/s]
  3%|▎         | 3/100 [00:00<00:15,  6.46it/s]
  4%|▍         | 4/100 [00:00<00:13,  6.99it/s]
  6%|▌         | 6/100 [00:00<00:11,  8.00it/s]
  7%|▋         | 7/100 [00:00<00:11,  8.36it/s]
  8%|▊         | 8/100 [00:00<00:11,  8.19it/s]
 10%|█         | 10/100 [00:01<00:10,  8.80it/s]
 11%|█         | 11/100 [00:01<00:10,  8.51it/s]
 12%|█▏        | 12/100 [00:01<00:10,  8.11it/s]
 13%|█▎        | 13/100 [00:01<00:10,  8.49it/s]
 15%|█▌        | 15/100 [00:01<00:08, 10.26it/s]
 17%|█▋        | 17/100 [00:01<00:07, 10.81it/s]
 19%|█▉        | 19/100 [00:02<00:11,  6.82it/s]
 20%|██        | 20/100 [00:02<00:14,  5.56it/s]
 21%|██        | 21/100 [00:02<00:17,  4.49it/s]
 22%|██▏       | 22/100 [00:03<00:19,  3.97it/s]
 23%|██▎       | 23/100 [00:03<00:17,  4.38it/s]
 24%|██▍       | 24/100 [00:03<00:16,  4.69it/s]
 25%|██▌       | 25/100 [00:03<00:14,  5.10it/s]
 26%|██▌       | 26/100 [00:03<00:14,  5.23it/s]
 28%|██▊       | 28/100 [00:04<00:12,  5.99it/s]
 29%|██▉       | 29/100 [00:04<00:10,  6.70it/s]
 30%|███       | 30/100 [00:04<00:11,  6.30it/s]
 32%|███▏      | 32/100 [00:04<00:09,  6.94it/s]
 34%|███▍      | 34/100 [00:04<00:08,  7.49it/s]
 35%|███▌      | 35/100 [00:04<00:08,  7.93it/s]
 36%|███▌      | 36/100 [00:05<00:09,  6.98it/s]
 37%|███▋      | 37/100 [00:05<00:09,  6.35it/s]
 38%|███▊      | 38/100 [00:05<00:10,  6.13it/s]
 39%|███▉      | 39/100 [00:05<00:09,  6.13it/s]
 40%|████      | 40/100 [00:05<00:10,  5.95it/s]
 41%|████      | 41/100 [00:06<00:10,  5.71it/s]
 42%|████▏     | 42/100 [00:06<00:09,  6.44it/s]
 43%|████▎     | 43/100 [00:06<00:08,  6.35it/s]
 44%|████▍     | 44/100 [00:06<00:08,  6.27it/s]
 45%|████▌     | 45/100 [00:06<00:08,  6.33it/s]
 46%|████▌     | 46/100 [00:06<00:09,  5.99it/s]
 48%|████▊     | 48/100 [00:07<00:07,  6.91it/s]
 49%|████▉     | 49/100 [00:07<00:07,  6.87it/s]
 50%|█████     | 50/100 [00:07<00:07,  6.54it/s]
 52%|█████▏    | 52/100 [00:07<00:06,  7.05it/s]
 53%|█████▎    | 53/100 [00:07<00:07,  6.51it/s]
 54%|█████▍    | 54/100 [00:07<00:07,  5.79it/s]
 55%|█████▌    | 55/100 [00:08<00:06,  6.58it/s]
 56%|█████▌    | 56/100 [00:08<00:06,  6.37it/s]
 57%|█████▋    | 57/100 [00:08<00:07,  5.82it/s]
 58%|█████▊    | 58/100 [00:08<00:06,  6.34it/s]
 59%|█████▉    | 59/100 [00:08<00:06,  6.40it/s]
 60%|██████    | 60/100 [00:08<00:06,  6.15it/s]
 61%|██████    | 61/100 [00:09<00:06,  6.00it/s]
 62%|██████▏   | 62/100 [00:09<00:06,  6.09it/s]
 63%|██████▎   | 63/100 [00:09<00:05,  6.53it/s]
 64%|██████▍   | 64/100 [00:09<00:05,  6.22it/s]
 65%|██████▌   | 65/100 [00:09<00:05,  6.78it/s]
 67%|██████▋   | 67/100 [00:09<00:04,  7.35it/s]
 68%|██████▊   | 68/100 [00:10<00:04,  6.89it/s]
 69%|██████▉   | 69/100 [00:10<00:04,  7.52it/s]
 70%|███████   | 70/100 [00:10<00:04,  6.37it/s]
 71%|███████   | 71/100 [00:10<00:04,  6.15it/s]
 72%|███████▏  | 72/100 [00:10<00:04,  6.23it/s]
 74%|███████▍  | 74/100 [00:10<00:03,  7.56it/s]
 75%|███████▌  | 75/100 [00:11<00:03,  7.23it/s]
 76%|███████▌  | 76/100 [00:11<00:03,  6.53it/s]
 77%|███████▋  | 77/100 [00:11<00:03,  6.38it/s]
 79%|███████▉  | 79/100 [00:11<00:03,  6.72it/s]
 80%|████████  | 80/100 [00:11<00:02,  6.69it/s]
 81%|████████  | 81/100 [00:11<00:02,  6.48it/s]
 82%|████████▏ | 82/100 [00:12<00:02,  6.38it/s]
 83%|████████▎ | 83/100 [00:12<00:02,  5.85it/s]
 84%|████████▍ | 84/100 [00:12<00:02,  6.47it/s]
 85%|████████▌ | 85/100 [00:12<00:02,  6.32it/s]
 87%|████████▋ | 87/100 [00:12<00:01,  6.85it/s]
 88%|████████▊ | 88/100 [00:13<00:01,  6.08it/s]
 89%|████████▉ | 89/100 [00:13<00:01,  5.90it/s]
 90%|█████████ | 90/100 [00:13<00:01,  6.27it/s]
 91%|█████████ | 91/100 [00:13<00:01,  6.93it/s]
 92%|█████████▏| 92/100 [00:13<00:01,  6.43it/s]
 93%|█████████▎| 93/100 [00:13<00:01,  6.60it/s]
 94%|█████████▍| 94/100 [00:13<00:00,  6.61it/s]
 95%|█████████▌| 95/100 [00:14<00:00,  6.18it/s]
 96%|█████████▌| 96/100 [00:14<00:00,  6.06it/s]
 98%|█████████▊| 98/100 [00:14<00:00,  6.63it/s]
 99%|█████████▉| 99/100 [00:14<00:00,  6.57it/s]
100%|██████████| 100/100 [00:14<00:00,  6.26it/s]
100%|██████████| 100/100 [00:14<00:00,  6.73it/s]

  0%|          | 0/100 [00:00<?, ?it/s]
  1%|          | 1/100 [00:00<00:23,  4.19it/s]
  2%|▏         | 2/100 [00:00<00:21,  4.61it/s]
  3%|▎         | 3/100 [00:00<00:19,  4.97it/s]
  4%|▍         | 4/100 [00:00<00:18,  5.27it/s]
  5%|▌         | 5/100 [00:00<00:18,  5.23it/s]
  6%|▌         | 6/100 [00:01<00:16,  5.77it/s]
  7%|▋         | 7/100 [00:01<00:17,  5.46it/s]
  8%|▊         | 8/100 [00:01<00:16,  5.59it/s]
  9%|▉         | 9/100 [00:01<00:16,  5.42it/s]
 10%|█         | 10/100 [00:01<00:18,  4.89it/s]
 11%|█         | 11/100 [00:02<00:18,  4.89it/s]
 12%|█▏        | 12/100 [00:02<00:18,  4.88it/s]
 13%|█▎        | 13/100 [00:02<00:17,  4.95it/s]
 14%|█▍        | 14/100 [00:02<00:17,  4.92it/s]
 15%|█▌        | 15/100 [00:02<00:17,  4.85it/s]
 16%|█▌        | 16/100 [00:03<00:17,  4.85it/s]
 17%|█▋        | 17/100 [00:03<00:16,  4.90it/s]
 18%|█▊        | 18/100 [00:03<00:16,  4.97it/s]
 19%|█▉        | 19/100 [00:03<00:16,  5.04it/s]
 20%|██        | 20/100 [00:03<00:16,  4.96it/s]
 21%|██        | 21/100 [00:04<00:14,  5.44it/s]
 22%|██▏       | 22/100 [00:04<00:13,  5.94it/s]
 24%|██▍       | 24/100 [00:04<00:11,  6.63it/s]
 26%|██▌       | 26/100 [00:04<00:09,  7.48it/s]
 28%|██▊       | 28/100 [00:04<00:09,  7.97it/s]
 29%|██▉       | 29/100 [00:04<00:09,  7.30it/s]
 30%|███       | 30/100 [00:05<00:10,  6.58it/s]
 31%|███       | 31/100 [00:05<00:10,  6.49it/s]
 32%|███▏      | 32/100 [00:05<00:09,  6.94it/s]
 33%|███▎      | 33/100 [00:05<00:11,  6.01it/s]
 34%|███▍      | 34/100 [00:05<00:11,  5.89it/s]
 35%|███▌      | 35/100 [00:06<00:11,  5.78it/s]
 36%|███▌      | 36/100 [00:06<00:11,  5.63it/s]
 37%|███▋      | 37/100 [00:06<00:11,  5.56it/s]
 38%|███▊      | 38/100 [00:06<00:11,  5.63it/s]
 39%|███▉      | 39/100 [00:06<00:11,  5.31it/s]
 40%|████      | 40/100 [00:06<00:11,  5.38it/s]
 41%|████      | 41/100 [00:07<00:10,  5.38it/s]
 43%|████▎     | 43/100 [00:07<00:09,  5.80it/s]
 44%|████▍     | 44/100 [00:07<00:09,  5.70it/s]
 45%|████▌     | 45/100 [00:07<00:09,  6.01it/s]
 46%|████▌     | 46/100 [00:07<00:08,  6.43it/s]
 47%|████▋     | 47/100 [00:08<00:07,  6.66it/s]
 48%|████▊     | 48/100 [00:08<00:07,  6.53it/s]
 49%|████▉     | 49/100 [00:08<00:07,  6.48it/s]
 50%|█████     | 50/100 [00:08<00:07,  6.46it/s]
 51%|█████     | 51/100 [00:08<00:07,  6.28it/s]
 52%|█████▏    | 52/100 [00:08<00:07,  6.39it/s]
 53%|█████▎    | 53/100 [00:08<00:07,  6.33it/s]
 55%|█████▌    | 55/100 [00:09<00:06,  7.12it/s]
 56%|█████▌    | 56/100 [00:09<00:05,  7.68it/s]
 57%|█████▋    | 57/100 [00:09<00:05,  7.60it/s]
 58%|█████▊    | 58/100 [00:09<00:05,  7.45it/s]
 59%|█████▉    | 59/100 [00:09<00:05,  7.10it/s]
 60%|██████    | 60/100 [00:09<00:05,  7.05it/s]
 61%|██████    | 61/100 [00:10<00:06,  6.46it/s]
 62%|██████▏   | 62/100 [00:10<00:05,  7.12it/s]
 63%|██████▎   | 63/100 [00:10<00:06,  5.75it/s]
 64%|██████▍   | 64/100 [00:10<00:06,  5.49it/s]
 65%|██████▌   | 65/100 [00:10<00:06,  5.79it/s]
 66%|██████▌   | 66/100 [00:10<00:05,  6.00it/s]
 67%|██████▋   | 67/100 [00:11<00:06,  4.87it/s]
 68%|██████▊   | 68/100 [00:11<00:06,  5.10it/s]
 69%|██████▉   | 69/100 [00:11<00:05,  5.29it/s]
 70%|███████   | 70/100 [00:11<00:05,  5.35it/s]
 71%|███████   | 71/100 [00:11<00:04,  5.84it/s]
 72%|███████▏  | 72/100 [00:11<00:04,  6.25it/s]
 73%|███████▎  | 73/100 [00:12<00:04,  6.36it/s]
 74%|███████▍  | 74/100 [00:12<00:04,  5.23it/s]
 75%|███████▌  | 75/100 [00:12<00:04,  5.69it/s]
 76%|███████▌  | 76/100 [00:12<00:04,  5.91it/s]
 77%|███████▋  | 77/100 [00:13<00:04,  4.72it/s]
 78%|███████▊  | 78/100 [00:13<00:05,  4.24it/s]
 79%|███████▉  | 79/100 [00:13<00:04,  4.25it/s]
 80%|████████  | 80/100 [00:13<00:04,  4.42it/s]
 81%|████████  | 81/100 [00:13<00:04,  4.43it/s]
 82%|████████▏ | 82/100 [00:14<00:04,  4.32it/s]
 83%|████████▎ | 83/100 [00:14<00:03,  4.29it/s]
 84%|████████▍ | 84/100 [00:14<00:03,  4.32it/s]
 85%|████████▌ | 85/100 [00:14<00:03,  4.34it/s]
 87%|████████▋ | 87/100 [00:15<00:02,  5.28it/s]
 88%|████████▊ | 88/100 [00:15<00:02,  5.50it/s]
 89%|████████▉ | 89/100 [00:15<00:02,  4.75it/s]
 90%|█████████ | 90/100 [00:15<00:01,  5.45it/s]
 91%|█████████ | 91/100 [00:15<00:01,  5.99it/s]
 92%|█████████▏| 92/100 [00:15<00:01,  6.03it/s]
 93%|█████████▎| 93/100 [00:16<00:01,  6.63it/s]
 94%|█████████▍| 94/100 [00:16<00:00,  7.28it/s]
 96%|█████████▌| 96/100 [00:16<00:00,  8.55it/s]
 98%|█████████▊| 98/100 [00:16<00:00, 10.21it/s]
100%|██████████| 100/100 [00:16<00:00,  9.46it/s]
100%|██████████| 100/100 [00:16<00:00,  6.00it/s]

  0%|          | 0/100 [00:00<?, ?it/s]
  1%|          | 1/100 [00:00<00:11,  8.93it/s]
  3%|▎         | 3/100 [00:00<00:11,  8.30it/s]
  4%|▍         | 4/100 [00:00<00:15,  6.39it/s]
  6%|▌         | 6/100 [00:00<00:13,  6.94it/s]
  7%|▋         | 7/100 [00:01<00:14,  6.21it/s]
  8%|▊         | 8/100 [00:01<00:14,  6.18it/s]
  9%|▉         | 9/100 [00:01<00:13,  6.77it/s]
 10%|█         | 10/100 [00:01<00:14,  6.05it/s]
 11%|█         | 11/100 [00:01<00:15,  5.61it/s]
 12%|█▏        | 12/100 [00:01<00:15,  5.78it/s]
 13%|█▎        | 13/100 [00:02<00:16,  5.33it/s]
 14%|█▍        | 14/100 [00:02<00:22,  3.75it/s]
 15%|█▌        | 15/100 [00:03<00:27,  3.14it/s]
 16%|█▌        | 16/100 [00:03<00:28,  2.91it/s]
 17%|█▋        | 17/100 [00:03<00:29,  2.80it/s]
 18%|█▊        | 18/100 [00:04<00:30,  2.68it/s]
 19%|█▉        | 19/100 [00:04<00:26,  3.02it/s]
 20%|██        | 20/100 [00:04<00:24,  3.24it/s]
 21%|██        | 21/100 [00:04<00:19,  4.05it/s]
 23%|██▎       | 23/100 [00:04<00:14,  5.19it/s]
 24%|██▍       | 24/100 [00:05<00:14,  5.23it/s]
 25%|██▌       | 25/100 [00:05<00:17,  4.25it/s]
 26%|██▌       | 26/100 [00:05<00:17,  4.34it/s]
 27%|██▋       | 27/100 [00:05<00:15,  4.67it/s]
 28%|██▊       | 28/100 [00:06<00:13,  5.19it/s]
 29%|██▉       | 29/100 [00:06<00:12,  5.56it/s]
 30%|███       | 30/100 [00:06<00:11,  6.07it/s]
 31%|███       | 31/100 [00:06<00:10,  6.28it/s]
 32%|███▏      | 32/100 [00:06<00:09,  6.88it/s]
 35%|███▌      | 35/100 [00:06<00:08,  7.29it/s]
 36%|███▌      | 36/100 [00:07<00:08,  7.75it/s]
 39%|███▉      | 39/100 [00:07<00:06,  9.72it/s]
 41%|████      | 41/100 [00:07<00:06,  9.12it/s]
 43%|████▎     | 43/100 [00:07<00:08,  6.34it/s]
 44%|████▍     | 44/100 [00:08<00:11,  4.91it/s]
 45%|████▌     | 45/100 [00:08<00:13,  4.19it/s]
 46%|████▌     | 46/100 [00:08<00:14,  3.84it/s]
 47%|████▋     | 47/100 [00:09<00:13,  3.88it/s]
 48%|████▊     | 48/100 [00:09<00:13,  3.80it/s]
 49%|████▉     | 49/100 [00:09<00:12,  4.01it/s]
 50%|█████     | 50/100 [00:09<00:11,  4.21it/s]
 51%|█████     | 51/100 [00:10<00:11,  4.25it/s]
 52%|█████▏    | 52/100 [00:10<00:10,  4.40it/s]
 53%|█████▎    | 53/100 [00:10<00:10,  4.36it/s]
 54%|█████▍    | 54/100 [00:10<00:09,  4.71it/s]
 55%|█████▌    | 55/100 [00:10<00:08,  5.01it/s]
 56%|█████▌    | 56/100 [00:10<00:07,  5.59it/s]
 58%|█████▊    | 58/100 [00:11<00:06,  6.94it/s]
 59%|█████▉    | 59/100 [00:11<00:06,  6.73it/s]
 60%|██████    | 60/100 [00:11<00:05,  6.98it/s]
 61%|██████    | 61/100 [00:11<00:05,  7.06it/s]
 62%|██████▏   | 62/100 [00:11<00:05,  7.27it/s]
 63%|██████▎   | 63/100 [00:11<00:04,  7.71it/s]
 64%|██████▍   | 64/100 [00:12<00:05,  6.24it/s]
 65%|██████▌   | 65/100 [00:12<00:05,  6.12it/s]
 67%|██████▋   | 67/100 [00:12<00:04,  6.62it/s]
 69%|██████▉   | 69/100 [00:12<00:04,  6.72it/s]
 70%|███████   | 70/100 [00:12<00:04,  6.33it/s]
 71%|███████   | 71/100 [00:13<00:04,  6.23it/s]
 72%|███████▏  | 72/100 [00:13<00:04,  6.17it/s]
 73%|███████▎  | 73/100 [00:13<00:04,  6.35it/s]
 75%|███████▌  | 75/100 [00:13<00:03,  7.51it/s]
 77%|███████▋  | 77/100 [00:13<00:03,  7.62it/s]
 78%|███████▊  | 78/100 [00:13<00:03,  6.98it/s]
 79%|███████▉  | 79/100 [00:14<00:03,  6.90it/s]
 80%|████████  | 80/100 [00:14<00:02,  6.96it/s]
 81%|████████  | 81/100 [00:14<00:02,  6.78it/s]
 82%|████████▏ | 82/100 [00:14<00:02,  6.52it/s]
 83%|████████▎ | 83/100 [00:14<00:02,  6.16it/s]
 84%|████████▍ | 84/100 [00:14<00:02,  5.98it/s]
 85%|████████▌ | 85/100 [00:15<00:02,  5.76it/s]
 86%|████████▌ | 86/100 [00:15<00:02,  5.51it/s]
 87%|████████▋ | 87/100 [00:15<00:02,  5.71it/s]
 89%|████████▉ | 89/100 [00:15<00:01,  7.08it/s]
 90%|█████████ | 90/100 [00:15<00:01,  6.43it/s]
 91%|█████████ | 91/100 [00:15<00:01,  6.07it/s]
 92%|█████████▏| 92/100 [00:16<00:01,  5.69it/s]
 93%|█████████▎| 93/100 [00:16<00:01,  6.48it/s]
 94%|█████████▍| 94/100 [00:16<00:00,  6.21it/s]
 95%|█████████▌| 95/100 [00:16<00:00,  6.10it/s]
 96%|█████████▌| 96/100 [00:16<00:00,  6.50it/s]
 98%|█████████▊| 98/100 [00:16<00:00,  7.79it/s]
 99%|█████████▉| 99/100 [00:17<00:00,  6.93it/s]
100%|██████████| 100/100 [00:17<00:00,  6.35it/s]
100%|██████████| 100/100 [00:17<00:00,  5.79it/s]

  0%|          | 0/100 [00:00<?, ?it/s]
  1%|          | 1/100 [00:00<00:19,  5.17it/s]
  2%|▏         | 2/100 [00:00<00:17,  5.75it/s]
  3%|▎         | 3/100 [00:00<00:16,  5.95it/s]
  4%|▍         | 4/100 [00:00<00:16,  5.94it/s]
  5%|▌         | 5/100 [00:00<00:15,  6.25it/s]
  6%|▌         | 6/100 [00:00<00:15,  6.07it/s]
  7%|▋         | 7/100 [00:01<00:15,  6.09it/s]
  9%|▉         | 9/100 [00:01<00:12,  7.17it/s]
 10%|█         | 10/100 [00:01<00:12,  7.45it/s]
 11%|█         | 11/100 [00:01<00:13,  6.78it/s]
 12%|█▏        | 12/100 [00:01<00:14,  6.26it/s]
 13%|█▎        | 13/100 [00:01<00:13,  6.21it/s]
 14%|█▍        | 14/100 [00:02<00:12,  6.62it/s]
 15%|█▌        | 15/100 [00:02<00:13,  6.32it/s]
 16%|█▌        | 16/100 [00:02<00:13,  6.02it/s]
 17%|█▋        | 17/100 [00:02<00:12,  6.66it/s]
 18%|█▊        | 18/100 [00:02<00:13,  6.09it/s]
 19%|█▉        | 19/100 [00:02<00:14,  5.70it/s]
 20%|██        | 20/100 [00:03<00:14,  5.51it/s]
 21%|██        | 21/100 [00:03<00:14,  5.55it/s]
 22%|██▏       | 22/100 [00:03<00:13,  5.76it/s]
 23%|██▎       | 23/100 [00:03<00:12,  6.12it/s]
 24%|██▍       | 24/100 [00:03<00:12,  6.01it/s]
 25%|██▌       | 25/100 [00:03<00:13,  5.57it/s]
 26%|██▌       | 26/100 [00:04<00:13,  5.44it/s]
 27%|██▋       | 27/100 [00:04<00:13,  5.61it/s]
 28%|██▊       | 28/100 [00:04<00:13,  5.46it/s]
 29%|██▉       | 29/100 [00:04<00:13,  5.32it/s]
 30%|███       | 30/100 [00:04<00:13,  5.29it/s]
 31%|███       | 31/100 [00:05<00:12,  5.55it/s]
 32%|███▏      | 32/100 [00:05<00:12,  5.57it/s]
 33%|███▎      | 33/100 [00:05<00:11,  5.70it/s]
 34%|███▍      | 34/100 [00:05<00:11,  5.62it/s]
 35%|███▌      | 35/100 [00:05<00:12,  5.29it/s]
 36%|███▌      | 36/100 [00:06<00:12,  5.26it/s]
 37%|███▋      | 37/100 [00:06<00:12,  5.14it/s]
 38%|███▊      | 38/100 [00:06<00:11,  5.63it/s]
 39%|███▉      | 39/100 [00:06<00:10,  5.57it/s]
 40%|████      | 40/100 [00:06<00:10,  5.71it/s]
 41%|████      | 41/100 [00:06<00:11,  5.26it/s]
 42%|████▏     | 42/100 [00:07<00:11,  5.05it/s]
 43%|████▎     | 43/100 [00:07<00:11,  4.99it/s]
 44%|████▍     | 44/100 [00:07<00:10,  5.20it/s]
 45%|████▌     | 45/100 [00:07<00:09,  5.93it/s]
 46%|████▌     | 46/100 [00:07<00:08,  6.17it/s]
 47%|████▋     | 47/100 [00:08<00:09,  5.70it/s]
 48%|████▊     | 48/100 [00:08<00:09,  5.71it/s]
 49%|████▉     | 49/100 [00:08<00:08,  5.96it/s]
 50%|█████     | 50/100 [00:08<00:08,  6.06it/s]
 51%|█████     | 51/100 [00:08<00:08,  6.01it/s]
 52%|█████▏    | 52/100 [00:08<00:08,  5.91it/s]
 53%|█████▎    | 53/100 [00:09<00:08,  5.57it/s]
 54%|█████▍    | 54/100 [00:09<00:08,  5.30it/s]
 55%|█████▌    | 55/100 [00:09<00:08,  5.34it/s]
 56%|█████▌    | 56/100 [00:09<00:08,  5.44it/s]
 57%|█████▋    | 57/100 [00:09<00:08,  5.29it/s]
 58%|█████▊    | 58/100 [00:10<00:07,  5.26it/s]
 59%|█████▉    | 59/100 [00:10<00:07,  5.22it/s]
 60%|██████    | 60/100 [00:10<00:07,  5.45it/s]
 61%|██████    | 61/100 [00:10<00:07,  5.47it/s]
 62%|██████▏   | 62/100 [00:10<00:06,  5.53it/s]
 64%|██████▍   | 64/100 [00:10<00:05,  6.21it/s]
 65%|██████▌   | 65/100 [00:11<00:05,  6.28it/s]
 67%|██████▋   | 67/100 [00:11<00:05,  6.46it/s]
 68%|██████▊   | 68/100 [00:11<00:05,  6.20it/s]
 69%|██████▉   | 69/100 [00:11<00:05,  6.11it/s]
 70%|███████   | 70/100 [00:11<00:04,  6.36it/s]
 71%|███████   | 71/100 [00:12<00:04,  5.85it/s]
 72%|███████▏  | 72/100 [00:12<00:04,  5.78it/s]
 74%|███████▍  | 74/100 [00:12<00:04,  6.35it/s]
 75%|███████▌  | 75/100 [00:12<00:04,  6.16it/s]
 76%|███████▌  | 76/100 [00:12<00:04,  5.58it/s]
 77%|███████▋  | 77/100 [00:13<00:04,  5.46it/s]
 78%|███████▊  | 78/100 [00:13<00:04,  5.21it/s]
 79%|███████▉  | 79/100 [00:13<00:04,  5.18it/s]
 80%|████████  | 80/100 [00:13<00:03,  5.35it/s]
 81%|████████  | 81/100 [00:13<00:03,  5.28it/s]
 82%|████████▏ | 82/100 [00:14<00:03,  5.17it/s]
 83%|████████▎ | 83/100 [00:14<00:03,  5.11it/s]
 84%|████████▍ | 84/100 [00:14<00:03,  5.16it/s]
 85%|████████▌ | 85/100 [00:14<00:02,  5.48it/s]
 86%|████████▌ | 86/100 [00:14<00:02,  5.74it/s]
 87%|████████▋ | 87/100 [00:14<00:02,  6.04it/s]
 88%|████████▊ | 88/100 [00:15<00:02,  5.83it/s]
 89%|████████▉ | 89/100 [00:15<00:01,  6.02it/s]
 90%|█████████ | 90/100 [00:15<00:01,  6.51it/s]
 91%|█████████ | 91/100 [00:15<00:01,  6.50it/s]
 93%|█████████▎| 93/100 [00:15<00:00,  7.77it/s]
 95%|█████████▌| 95/100 [00:15<00:00,  8.58it/s]
 97%|█████████▋| 97/100 [00:16<00:00,  9.03it/s]
 98%|█████████▊| 98/100 [00:16<00:00,  8.56it/s]
100%|██████████| 100/100 [00:16<00:00,  9.15it/s]
100%|██████████| 100/100 [00:16<00:00,  6.11it/s]

  0%|          | 0/100 [00:00<?, ?it/s]
  1%|          | 1/100 [00:00<00:13,  7.11it/s]
  3%|▎         | 3/100 [00:00<00:11,  8.30it/s]
  4%|▍         | 4/100 [00:00<00:11,  8.15it/s]
  5%|▌         | 5/100 [00:00<00:12,  7.49it/s]
  6%|▌         | 6/100 [00:00<00:13,  6.97it/s]
  7%|▋         | 7/100 [00:00<00:13,  6.68it/s]
  8%|▊         | 8/100 [00:01<00:14,  6.54it/s]
 10%|█         | 10/100 [00:01<00:11,  7.53it/s]
 11%|█         | 11/100 [00:01<00:11,  8.08it/s]
 13%|█▎        | 13/100 [00:01<00:08,  9.78it/s]
 15%|█▌        | 15/100 [00:01<00:09,  9.42it/s]
 17%|█▋        | 17/100 [00:01<00:10,  8.24it/s]
 18%|█▊        | 18/100 [00:02<00:14,  5.81it/s]
 19%|█▉        | 19/100 [00:02<00:17,  4.65it/s]
 20%|██        | 20/100 [00:02<00:19,  4.01it/s]
 21%|██        | 21/100 [00:03<00:17,  4.42it/s]
 23%|██▎       | 23/100 [00:03<00:13,  5.51it/s]
 24%|██▍       | 24/100 [00:03<00:13,  5.56it/s]
 25%|██▌       | 25/100 [00:03<00:13,  5.73it/s]
 26%|██▌       | 26/100 [00:03<00:13,  5.60it/s]
 27%|██▋       | 27/100 [00:03<00:12,  6.01it/s]
 28%|██▊       | 28/100 [00:04<00:10,  6.74it/s]
 29%|██▉       | 29/100 [00:04<00:09,  7.44it/s]
 30%|███       | 30/100 [00:04<00:09,  7.22it/s]
 32%|███▏      | 32/100 [00:04<00:08,  7.61it/s]
 33%|███▎      | 33/100 [00:04<00:09,  7.40it/s]
 35%|███▌      | 35/100 [00:04<00:08,  7.76it/s]
 36%|███▌      | 36/100 [00:04<00:07,  8.25it/s]
 37%|███▋      | 37/100 [00:05<00:08,  7.63it/s]
 38%|███▊      | 38/100 [00:05<00:08,  7.47it/s]
 39%|███▉      | 39/100 [00:05<00:08,  7.15it/s]
 40%|████      | 40/100 [00:05<00:08,  6.95it/s]
 41%|████      | 41/100 [00:05<00:09,  6.33it/s]
 42%|████▏     | 42/100 [00:05<00:10,  5.80it/s]
 43%|████▎     | 43/100 [00:06<00:10,  5.27it/s]
 44%|████▍     | 44/100 [00:06<00:10,  5.23it/s]
 45%|████▌     | 45/100 [00:06<00:09,  5.70it/s]
 47%|████▋     | 47/100 [00:06<00:08,  6.23it/s]
 48%|████▊     | 48/100 [00:06<00:08,  6.36it/s]
 49%|████▉     | 49/100 [00:07<00:07,  6.53it/s]
 50%|█████     | 50/100 [00:07<00:07,  6.35it/s]
 51%|█████     | 51/100 [00:07<00:08,  6.10it/s]
 53%|█████▎    | 53/100 [00:07<00:07,  6.52it/s]
 54%|█████▍    | 54/100 [00:07<00:07,  6.11it/s]
 55%|█████▌    | 55/100 [00:08<00:07,  6.19it/s]
 57%|█████▋    | 57/100 [00:08<00:06,  6.61it/s]
 58%|█████▊    | 58/100 [00:08<00:06,  6.99it/s]
 59%|█████▉    | 59/100 [00:08<00:06,  6.12it/s]
 60%|██████    | 60/100 [00:08<00:06,  6.17it/s]
 61%|██████    | 61/100 [00:08<00:06,  6.13it/s]
 62%|██████▏   | 62/100 [00:09<00:06,  5.75it/s]
 63%|██████▎   | 63/100 [00:09<00:05,  6.21it/s]
 64%|██████▍   | 64/100 [00:09<00:05,  6.55it/s]
 66%|██████▌   | 66/100 [00:09<00:04,  7.23it/s]
 68%|██████▊   | 68/100 [00:09<00:04,  7.81it/s]
 69%|██████▉   | 69/100 [00:10<00:04,  6.76it/s]
 70%|███████   | 70/100 [00:10<00:04,  6.50it/s]
 71%|███████   | 71/100 [00:10<00:04,  6.44it/s]
 72%|███████▏  | 72/100 [00:10<00:04,  6.38it/s]
 73%|███████▎  | 73/100 [00:10<00:04,  6.45it/s]
 74%|███████▍  | 74/100 [00:10<00:04,  6.25it/s]
 75%|███████▌  | 75/100 [00:10<00:04,  6.21it/s]
 76%|███████▌  | 76/100 [00:11<00:03,  6.59it/s]
 77%|███████▋  | 77/100 [00:11<00:03,  6.34it/s]
 78%|███████▊  | 78/100 [00:11<00:03,  6.19it/s]
 79%|███████▉  | 79/100 [00:11<00:03,  6.17it/s]
 80%|████████  | 80/100 [00:11<00:03,  5.97it/s]
 81%|████████  | 81/100 [00:11<00:03,  5.95it/s]
 82%|████████▏ | 82/100 [00:12<00:02,  6.40it/s]
 83%|████████▎ | 83/100 [00:12<00:02,  6.77it/s]
 84%|████████▍ | 84/100 [00:12<00:02,  6.43it/s]
 85%|████████▌ | 85/100 [00:12<00:02,  6.29it/s]
 86%|████████▌ | 86/100 [00:12<00:02,  6.13it/s]
 87%|████████▋ | 87/100 [00:12<00:02,  6.22it/s]
 88%|████████▊ | 88/100 [00:13<00:01,  6.04it/s]
 89%|████████▉ | 89/100 [00:13<00:01,  5.92it/s]
 90%|█████████ | 90/100 [00:13<00:01,  6.19it/s]
 91%|█████████ | 91/100 [00:13<00:01,  6.71it/s]
 92%|█████████▏| 92/100 [00:13<00:01,  6.70it/s]
 93%|█████████▎| 93/100 [00:13<00:01,  6.35it/s]
 94%|█████████▍| 94/100 [00:14<00:00,  6.15it/s]
 95%|█████████▌| 95/100 [00:14<00:00,  5.73it/s]
 96%|█████████▌| 96/100 [00:14<00:00,  5.37it/s]
 97%|█████████▋| 97/100 [00:14<00:00,  5.38it/s]
 98%|█████████▊| 98/100 [00:14<00:00,  5.63it/s]
 99%|█████████▉| 99/100 [00:14<00:00,  5.60it/s]
100%|██████████| 100/100 [00:15<00:00,  5.55it/s]
100%|██████████| 100/100 [00:15<00:00,  6.60it/s]

  0%|          | 0/100 [00:00<?, ?it/s]
  1%|          | 1/100 [00:00<00:12,  7.73it/s]
  2%|▏         | 2/100 [00:00<00:14,  6.76it/s]
  4%|▍         | 4/100 [00:00<00:13,  7.27it/s]
  5%|▌         | 5/100 [00:00<00:13,  7.09it/s]
  6%|▌         | 6/100 [00:00<00:14,  6.33it/s]
  7%|▋         | 7/100 [00:01<00:14,  6.32it/s]
  8%|▊         | 8/100 [00:01<00:14,  6.53it/s]
  9%|▉         | 9/100 [00:01<00:13,  6.54it/s]
 10%|█         | 10/100 [00:01<00:14,  6.06it/s]
 11%|█         | 11/100 [00:01<00:15,  5.93it/s]
 12%|█▏        | 12/100 [00:01<00:15,  5.71it/s]
 13%|█▎        | 13/100 [00:02<00:15,  5.65it/s]
 14%|█▍        | 14/100 [00:02<00:15,  5.70it/s]
 15%|█▌        | 15/100 [00:02<00:15,  5.65it/s]
 16%|█▌        | 16/100 [00:02<00:15,  5.51it/s]
 17%|█▋        | 17/100 [00:02<00:15,  5.44it/s]
 18%|█▊        | 18/100 [00:03<00:14,  5.48it/s]
 19%|█▉        | 19/100 [00:03<00:14,  5.46it/s]
 20%|██        | 20/100 [00:03<00:14,  5.54it/s]
 21%|██        | 21/100 [00:03<00:13,  5.87it/s]
 22%|██▏       | 22/100 [00:03<00:12,  6.01it/s]
 23%|██▎       | 23/100 [00:03<00:11,  6.42it/s]
 24%|██▍       | 24/100 [00:03<00:11,  6.34it/s]
 26%|██▌       | 26/100 [00:04<00:10,  7.08it/s]
 27%|██▋       | 27/100 [00:04<00:10,  7.15it/s]
 28%|██▊       | 28/100 [00:04<00:10,  6.92it/s]
 29%|██▉       | 29/100 [00:04<00:10,  7.08it/s]
 31%|███       | 31/100 [00:04<00:08,  8.12it/s]
 32%|███▏      | 32/100 [00:04<00:09,  7.54it/s]
 33%|███▎      | 33/100 [00:05<00:08,  8.11it/s]
 34%|███▍      | 34/100 [00:05<00:07,  8.47it/s]
 36%|███▌      | 36/100 [00:05<00:06,  9.16it/s]
 37%|███▋      | 37/100 [00:05<00:08,  7.46it/s]
 38%|███▊      | 38/100 [00:05<00:07,  7.92it/s]
 39%|███▉      | 39/100 [00:05<00:10,  6.08it/s]
 40%|████      | 40/100 [00:06<00:10,  5.79it/s]
 41%|████      | 41/100 [00:06<00:10,  5.50it/s]
 42%|████▏     | 42/100 [00:06<00:10,  5.48it/s]
 43%|████▎     | 43/100 [00:06<00:10,  5.67it/s]
 44%|████▍     | 44/100 [00:06<00:09,  5.94it/s]
 45%|████▌     | 45/100 [00:06<00:08,  6.25it/s]
 46%|████▌     | 46/100 [00:07<00:08,  6.39it/s]
 47%|████▋     | 47/100 [00:07<00:08,  6.26it/s]
 48%|████▊     | 48/100 [00:07<00:08,  6.43it/s]
 49%|████▉     | 49/100 [00:07<00:08,  5.90it/s]
 50%|█████     | 50/100 [00:07<00:08,  5.92it/s]
 51%|█████     | 51/100 [00:07<00:08,  5.71it/s]
 52%|█████▏    | 52/100 [00:08<00:08,  5.83it/s]
 53%|█████▎    | 53/100 [00:08<00:07,  6.00it/s]
 54%|█████▍    | 54/100 [00:08<00:07,  6.19it/s]
 55%|█████▌    | 55/100 [00:08<00:07,  5.88it/s]
 56%|█████▌    | 56/100 [00:08<00:07,  5.60it/s]
 57%|█████▋    | 57/100 [00:08<00:08,  5.35it/s]
 58%|█████▊    | 58/100 [00:09<00:08,  5.06it/s]
 59%|█████▉    | 59/100 [00:09<00:07,  5.27it/s]
 60%|██████    | 60/100 [00:09<00:07,  5.37it/s]
 61%|██████    | 61/100 [00:09<00:07,  5.47it/s]
 62%|██████▏   | 62/100 [00:09<00:07,  5.42it/s]
 63%|██████▎   | 63/100 [00:10<00:06,  5.58it/s]
 64%|██████▍   | 64/100 [00:10<00:06,  5.86it/s]
 65%|██████▌   | 65/100 [00:10<00:06,  5.66it/s]
 66%|██████▌   | 66/100 [00:10<00:06,  5.38it/s]
 67%|██████▋   | 67/100 [00:10<00:06,  5.26it/s]
 68%|██████▊   | 68/100 [00:11<00:06,  5.10it/s]
 69%|██████▉   | 69/100 [00:11<00:05,  5.22it/s]
 70%|███████   | 70/100 [00:11<00:05,  5.38it/s]
 71%|███████   | 71/100 [00:11<00:05,  5.34it/s]
 72%|███████▏  | 72/100 [00:11<00:05,  5.50it/s]
 73%|███████▎  | 73/100 [00:11<00:04,  5.44it/s]
 74%|███████▍  | 74/100 [00:12<00:04,  5.67it/s]
 75%|███████▌  | 75/100 [00:12<00:04,  5.54it/s]
 76%|███████▌  | 76/100 [00:12<00:04,  5.70it/s]
 77%|███████▋  | 77/100 [00:12<00:04,  5.54it/s]
 78%|███████▊  | 78/100 [00:12<00:04,  5.48it/s]
 79%|███████▉  | 79/100 [00:12<00:03,  5.74it/s]
 80%|████████  | 80/100 [00:13<00:03,  5.78it/s]
 81%|████████  | 81/100 [00:13<00:03,  6.11it/s]
 82%|████████▏ | 82/100 [00:13<00:02,  6.44it/s]
 83%|████████▎ | 83/100 [00:13<00:02,  6.73it/s]
 84%|████████▍ | 84/100 [00:13<00:02,  6.69it/s]
 85%|████████▌ | 85/100 [00:13<00:02,  5.92it/s]
 86%|████████▌ | 86/100 [00:14<00:02,  5.95it/s]
 87%|████████▋ | 87/100 [00:14<00:02,  6.00it/s]
 88%|████████▊ | 88/100 [00:14<00:02,  5.22it/s]
 89%|████████▉ | 89/100 [00:14<00:02,  4.94it/s]
 90%|█████████ | 90/100 [00:14<00:02,  4.93it/s]
 91%|█████████ | 91/100 [00:15<00:01,  4.65it/s]
 92%|█████████▏| 92/100 [00:15<00:01,  4.48it/s]
 93%|█████████▎| 93/100 [00:15<00:01,  4.55it/s]
 94%|█████████▍| 94/100 [00:15<00:01,  4.73it/s]
 95%|█████████▌| 95/100 [00:15<00:01,  4.96it/s]
 96%|█████████▌| 96/100 [00:16<00:00,  5.09it/s]
 97%|█████████▋| 97/100 [00:16<00:00,  5.30it/s]
 98%|█████████▊| 98/100 [00:16<00:00,  5.65it/s]
 99%|█████████▉| 99/100 [00:16<00:00,  5.63it/s]
100%|██████████| 100/100 [00:16<00:00,  5.49it/s]
100%|██████████| 100/100 [00:16<00:00,  5.93it/s]

  0%|          | 0/100 [00:00<?, ?it/s]
  1%|          | 1/100 [00:00<00:16,  5.84it/s]
  2%|▏         | 2/100 [00:00<00:15,  6.44it/s]
  4%|▍         | 4/100 [00:00<00:13,  6.91it/s]
  7%|▋         | 7/100 [00:00<00:11,  7.89it/s]
  8%|▊         | 8/100 [00:01<00:15,  5.75it/s]
  9%|▉         | 9/100 [00:01<00:19,  4.67it/s]
 10%|█         | 10/100 [00:01<00:22,  3.97it/s]
 11%|█         | 11/100 [00:02<00:24,  3.59it/s]
 12%|█▏        | 12/100 [00:02<00:21,  4.05it/s]
 13%|█▎        | 13/100 [00:02<00:18,  4.68it/s]
 14%|█▍        | 14/100 [00:02<00:17,  4.99it/s]
 15%|█▌        | 15/100 [00:02<00:16,  5.31it/s]
 16%|█▌        | 16/100 [00:02<00:16,  5.12it/s]
 17%|█▋        | 17/100 [00:03<00:15,  5.49it/s]
 18%|█▊        | 18/100 [00:03<00:14,  5.61it/s]
 19%|█▉        | 19/100 [00:03<00:13,  5.90it/s]
 20%|██        | 20/100 [00:03<00:13,  5.79it/s]
 21%|██        | 21/100 [00:03<00:13,  5.99it/s]
 23%|██▎       | 23/100 [00:03<00:12,  6.37it/s]
 24%|██▍       | 24/100 [00:04<00:13,  5.67it/s]
 25%|██▌       | 25/100 [00:04<00:13,  5.63it/s]
 26%|██▌       | 26/100 [00:04<00:13,  5.50it/s]
 27%|██▋       | 27/100 [00:04<00:13,  5.34it/s]
 28%|██▊       | 28/100 [00:04<00:13,  5.21it/s]
 29%|██▉       | 29/100 [00:05<00:13,  5.22it/s]
 30%|███       | 30/100 [00:05<00:13,  5.17it/s]
 31%|███       | 31/100 [00:05<00:13,  5.15it/s]
 32%|███▏      | 32/100 [00:05<00:12,  5.43it/s]
 33%|███▎      | 33/100 [00:05<00:12,  5.39it/s]
 34%|███▍      | 34/100 [00:06<00:12,  5.23it/s]
 35%|███▌      | 35/100 [00:06<00:12,  5.34it/s]
 36%|███▌      | 36/100 [00:06<00:11,  5.65it/s]
 37%|███▋      | 37/100 [00:06<00:11,  5.58it/s]
 38%|███▊      | 38/100 [00:06<00:11,  5.63it/s]
 39%|███▉      | 39/100 [00:06<00:10,  5.84it/s]
 40%|████      | 40/100 [00:07<00:09,  6.24it/s]
 41%|████      | 41/100 [00:07<00:08,  6.86it/s]
 42%|████▏     | 42/100 [00:07<00:08,  7.09it/s]
 43%|████▎     | 43/100 [00:07<00:08,  6.54it/s]
 44%|████▍     | 44/100 [00:07<00:08,  6.31it/s]
 45%|████▌     | 45/100 [00:07<00:08,  6.19it/s]
 46%|████▌     | 46/100 [00:08<00:09,  5.93it/s]
 47%|████▋     | 47/100 [00:08<00:09,  5.36it/s]
 48%|████▊     | 48/100 [00:08<00:09,  5.46it/s]
 49%|████▉     | 49/100 [00:08<00:08,  5.85it/s]
 50%|█████     | 50/100 [00:08<00:09,  5.45it/s]
 51%|█████     | 51/100 [00:09<00:09,  5.12it/s]
 52%|█████▏    | 52/100 [00:09<00:09,  5.00it/s]
 53%|█████▎    | 53/100 [00:09<00:09,  4.71it/s]
 54%|█████▍    | 54/100 [00:09<00:09,  4.69it/s]
 55%|█████▌    | 55/100 [00:09<00:09,  4.54it/s]
 56%|█████▌    | 56/100 [00:10<00:09,  4.49it/s]
 57%|█████▋    | 57/100 [00:10<00:09,  4.75it/s]
 58%|█████▊    | 58/100 [00:10<00:08,  4.73it/s]
 59%|█████▉    | 59/100 [00:10<00:08,  4.93it/s]
 60%|██████    | 60/100 [00:10<00:07,  5.02it/s]
 61%|██████    | 61/100 [00:11<00:07,  5.17it/s]
 62%|██████▏   | 62/100 [00:11<00:07,  5.33it/s]
 63%|██████▎   | 63/100 [00:11<00:06,  5.65it/s]
 64%|██████▍   | 64/100 [00:11<00:06,  6.00it/s]
 66%|██████▌   | 66/100 [00:11<00:04,  7.46it/s]
 68%|██████▊   | 68/100 [00:11<00:03,  8.42it/s]
 70%|███████   | 70/100 [00:12<00:03,  8.56it/s]
 71%|███████   | 71/100 [00:12<00:03,  7.87it/s]
 73%|███████▎  | 73/100 [00:12<00:03,  8.11it/s]
 75%|███████▌  | 75/100 [00:12<00:02,  8.98it/s]
 76%|███████▌  | 76/100 [00:12<00:02,  8.36it/s]
 77%|███████▋  | 77/100 [00:12<00:03,  6.97it/s]
 78%|███████▊  | 78/100 [00:13<00:03,  6.12it/s]
 79%|███████▉  | 79/100 [00:13<00:03,  6.20it/s]
 80%|████████  | 80/100 [00:13<00:03,  6.57it/s]
 81%|████████  | 81/100 [00:13<00:02,  6.62it/s]
 82%|████████▏ | 82/100 [00:13<00:02,  6.37it/s]
 83%|████████▎ | 83/100 [00:13<00:02,  6.33it/s]
 84%|████████▍ | 84/100 [00:14<00:02,  6.66it/s]
 85%|████████▌ | 85/100 [00:14<00:02,  6.18it/s]
 86%|████████▌ | 86/100 [00:14<00:02,  6.33it/s]
 87%|████████▋ | 87/100 [00:14<00:02,  6.22it/s]
 88%|████████▊ | 88/100 [00:14<00:01,  6.30it/s]
 89%|████████▉ | 89/100 [00:14<00:01,  6.07it/s]
 90%|█████████ | 90/100 [00:15<00:01,  6.09it/s]
 91%|█████████ | 91/100 [00:15<00:01,  6.22it/s]
 92%|█████████▏| 92/100 [00:15<00:01,  5.99it/s]
 93%|█████████▎| 93/100 [00:15<00:01,  5.73it/s]
 94%|█████████▍| 94/100 [00:15<00:01,  5.71it/s]
 95%|█████████▌| 95/100 [00:15<00:00,  5.68it/s]
 96%|█████████▌| 96/100 [00:16<00:00,  5.28it/s]
 97%|█████████▋| 97/100 [00:16<00:00,  5.39it/s]
 98%|█████████▊| 98/100 [00:16<00:00,  5.81it/s]
 99%|█████████▉| 99/100 [00:16<00:00,  5.50it/s]
100%|██████████| 100/100 [00:16<00:00,  5.97it/s]

  0%|          | 0/100 [00:00<?, ?it/s]
  1%|          | 1/100 [00:00<00:16,  6.11it/s]
  2%|▏         | 2/100 [00:00<00:15,  6.23it/s]
  3%|▎         | 3/100 [00:00<00:14,  6.56it/s]
  4%|▍         | 4/100 [00:00<00:13,  6.88it/s]
  5%|▌         | 5/100 [00:00<00:14,  6.65it/s]
  6%|▌         | 6/100 [00:00<00:14,  6.56it/s]
  7%|▋         | 7/100 [00:01<00:14,  6.30it/s]
  8%|▊         | 8/100 [00:01<00:15,  6.11it/s]
  9%|▉         | 9/100 [00:01<00:14,  6.12it/s]
 10%|█         | 10/100 [00:01<00:14,  6.19it/s]
 11%|█         | 11/100 [00:01<00:14,  6.09it/s]
 12%|█▏        | 12/100 [00:01<00:15,  5.83it/s]
 13%|█▎        | 13/100 [00:02<00:16,  5.42it/s]
 14%|█▍        | 14/100 [00:02<00:15,  5.44it/s]
 15%|█▌        | 15/100 [00:02<00:15,  5.64it/s]
 16%|█▌        | 16/100 [00:02<00:14,  5.80it/s]
 17%|█▋        | 17/100 [00:02<00:14,  5.67it/s]
 18%|█▊        | 18/100 [00:02<00:14,  5.83it/s]
 19%|█▉        | 19/100 [00:03<00:13,  6.13it/s]
 20%|██        | 20/100 [00:03<00:13,  6.15it/s]
 21%|██        | 21/100 [00:03<00:12,  6.35it/s]
 22%|██▏       | 22/100 [00:03<00:12,  6.33it/s]
 23%|██▎       | 23/100 [00:03<00:12,  6.33it/s]
 24%|██▍       | 24/100 [00:03<00:12,  6.23it/s]
 25%|██▌       | 25/100 [00:04<00:11,  6.46it/s]
 26%|██▌       | 26/100 [00:04<00:12,  6.10it/s]
 27%|██▋       | 27/100 [00:04<00:13,  5.36it/s]
 28%|██▊       | 28/100 [00:04<00:14,  5.02it/s]
 29%|██▉       | 29/100 [00:04<00:13,  5.34it/s]
 30%|███       | 30/100 [00:05<00:12,  5.63it/s]
 31%|███       | 31/100 [00:05<00:11,  6.16it/s]
 32%|███▏      | 32/100 [00:05<00:10,  6.33it/s]
 33%|███▎      | 33/100 [00:05<00:11,  5.91it/s]
 34%|███▍      | 34/100 [00:05<00:11,  5.93it/s]
 35%|███▌      | 35/100 [00:05<00:10,  6.09it/s]
 36%|███▌      | 36/100 [00:05<00:10,  6.05it/s]
 37%|███▋      | 37/100 [00:06<00:10,  5.73it/s]
 38%|███▊      | 38/100 [00:06<00:10,  5.67it/s]
 39%|███▉      | 39/100 [00:06<00:10,  5.62it/s]
 40%|████      | 40/100 [00:06<00:10,  5.55it/s]
 41%|████      | 41/100 [00:06<00:10,  5.71it/s]
 42%|████▏     | 42/100 [00:07<00:10,  5.79it/s]
 43%|████▎     | 43/100 [00:07<00:09,  6.20it/s]
 44%|████▍     | 44/100 [00:07<00:09,  6.03it/s]
 45%|████▌     | 45/100 [00:07<00:09,  6.05it/s]
 47%|████▋     | 47/100 [00:07<00:08,  6.54it/s]
 48%|████▊     | 48/100 [00:07<00:07,  6.57it/s]
 49%|████▉     | 49/100 [00:08<00:07,  6.41it/s]
 50%|█████     | 50/100 [00:08<00:08,  6.24it/s]
 51%|█████     | 51/100 [00:08<00:07,  6.35it/s]
 52%|█████▏    | 52/100 [00:08<00:07,  6.46it/s]
 53%|█████▎    | 53/100 [00:08<00:07,  6.45it/s]
 54%|█████▍    | 54/100 [00:08<00:07,  6.23it/s]
 55%|█████▌    | 55/100 [00:09<00:08,  5.42it/s]
 56%|█████▌    | 56/100 [00:09<00:07,  5.77it/s]
 57%|█████▋    | 57/100 [00:09<00:07,  5.55it/s]
 58%|█████▊    | 58/100 [00:09<00:06,  6.03it/s]
 59%|█████▉    | 59/100 [00:09<00:06,  5.87it/s]
 60%|██████    | 60/100 [00:09<00:06,  5.93it/s]
 61%|██████    | 61/100 [00:10<00:06,  5.76it/s]
 62%|██████▏   | 62/100 [00:10<00:06,  5.61it/s]
 63%|██████▎   | 63/100 [00:10<00:06,  5.46it/s]
 64%|██████▍   | 64/100 [00:10<00:06,  5.16it/s]
 65%|██████▌   | 65/100 [00:10<00:06,  5.04it/s]
 66%|██████▌   | 66/100 [00:11<00:06,  5.09it/s]
 67%|██████▋   | 67/100 [00:11<00:06,  5.04it/s]
 68%|██████▊   | 68/100 [00:11<00:06,  5.04it/s]
 69%|██████▉   | 69/100 [00:11<00:06,  4.87it/s]
 70%|███████   | 70/100 [00:12<00:06,  4.65it/s]
 71%|███████   | 71/100 [00:12<00:06,  4.63it/s]
 72%|███████▏  | 72/100 [00:12<00:05,  4.67it/s]
 73%|███████▎  | 73/100 [00:12<00:05,  4.81it/s]
 74%|███████▍  | 74/100 [00:12<00:05,  4.94it/s]
 75%|███████▌  | 75/100 [00:12<00:04,  5.25it/s]
 77%|███████▋  | 77/100 [00:13<00:03,  6.13it/s]
 78%|███████▊  | 78/100 [00:13<00:03,  6.42it/s]
 79%|███████▉  | 79/100 [00:13<00:03,  6.36it/s]
 80%|████████  | 80/100 [00:13<00:03,  6.22it/s]
 81%|████████  | 81/100 [00:13<00:03,  6.17it/s]
 82%|████████▏ | 82/100 [00:13<00:02,  6.28it/s]
 83%|████████▎ | 83/100 [00:14<00:02,  6.29it/s]
 84%|████████▍ | 84/100 [00:14<00:02,  6.41it/s]
 85%|████████▌ | 85/100 [00:14<00:02,  6.54it/s]
 86%|████████▌ | 86/100 [00:14<00:02,  6.15it/s]
 87%|████████▋ | 87/100 [00:14<00:02,  6.06it/s]
 88%|████████▊ | 88/100 [00:14<00:02,  5.95it/s]
 89%|████████▉ | 89/100 [00:15<00:01,  5.74it/s]
 90%|█████████ | 90/100 [00:15<00:01,  5.72it/s]
 91%|█████████ | 91/100 [00:15<00:01,  5.61it/s]
 92%|█████████▏| 92/100 [00:15<00:01,  5.73it/s]
 93%|█████████▎| 93/100 [00:15<00:01,  5.61it/s]
 94%|█████████▍| 94/100 [00:16<00:01,  5.43it/s]
 95%|█████████▌| 95/100 [00:16<00:00,  5.59it/s]
 96%|█████████▌| 96/100 [00:16<00:00,  5.67it/s]
 97%|█████████▋| 97/100 [00:16<00:00,  5.97it/s]
 98%|█████████▊| 98/100 [00:16<00:00,  6.13it/s]
 99%|█████████▉| 99/100 [00:16<00:00,  6.20it/s]
100%|██████████| 100/100 [00:16<00:00,  6.62it/s]
100%|██████████| 100/100 [00:16<00:00,  5.89it/s]

  0%|          | 0/100 [00:00<?, ?it/s]
  1%|          | 1/100 [00:00<00:16,  6.00it/s]
  2%|▏         | 2/100 [00:00<00:16,  5.82it/s]
  3%|▎         | 3/100 [00:00<00:15,  6.10it/s]
  4%|▍         | 4/100 [00:00<00:17,  5.47it/s]
  5%|▌         | 5/100 [00:00<00:17,  5.56it/s]
  6%|▌         | 6/100 [00:01<00:15,  6.05it/s]
  7%|▋         | 7/100 [00:01<00:17,  5.30it/s]
  8%|▊         | 8/100 [00:01<00:21,  4.27it/s]
  9%|▉         | 9/100 [00:01<00:18,  4.87it/s]
 10%|█         | 10/100 [00:01<00:17,  5.28it/s]
 11%|█         | 11/100 [00:02<00:14,  5.96it/s]
 12%|█▏        | 12/100 [00:02<00:14,  6.07it/s]
 13%|█▎        | 13/100 [00:02<00:13,  6.55it/s]
 14%|█▍        | 14/100 [00:02<00:12,  6.86it/s]
 15%|█▌        | 15/100 [00:02<00:15,  5.61it/s]
 16%|█▌        | 16/100 [00:02<00:13,  6.45it/s]
 17%|█▋        | 17/100 [00:02<00:12,  6.76it/s]
 18%|█▊        | 18/100 [00:03<00:11,  6.84it/s]
 19%|█▉        | 19/100 [00:03<00:14,  5.60it/s]
 20%|██        | 20/100 [00:03<00:18,  4.39it/s]
 21%|██        | 21/100 [00:03<00:19,  4.07it/s]
 22%|██▏       | 22/100 [00:04<00:21,  3.64it/s]
 23%|██▎       | 23/100 [00:04<00:21,  3.57it/s]
 24%|██▍       | 24/100 [00:04<00:22,  3.36it/s]
 25%|██▌       | 25/100 [00:05<00:22,  3.40it/s]
 26%|██▌       | 26/100 [00:05<00:20,  3.67it/s]
 27%|██▋       | 27/100 [00:05<00:16,  4.36it/s]
 28%|██▊       | 28/100 [00:05<00:15,  4.60it/s]
 29%|██▉       | 29/100 [00:06<00:17,  4.14it/s]
 30%|███       | 30/100 [00:06<00:15,  4.41it/s]
 31%|███       | 31/100 [00:06<00:14,  4.62it/s]
 32%|███▏      | 32/100 [00:06<00:13,  4.89it/s]
 33%|███▎      | 33/100 [00:06<00:12,  5.57it/s]
 35%|███▌      | 35/100 [00:06<00:09,  6.79it/s]
 36%|███▌      | 36/100 [00:07<00:10,  5.90it/s]
 37%|███▋      | 37/100 [00:07<00:10,  5.93it/s]
 38%|███▊      | 38/100 [00:07<00:09,  6.43it/s]
 39%|███▉      | 39/100 [00:07<00:09,  6.25it/s]
 40%|████      | 40/100 [00:07<00:11,  5.26it/s]
 41%|████      | 41/100 [00:08<00:12,  4.82it/s]
 42%|████▏     | 42/100 [00:08<00:12,  4.60it/s]
 43%|████▎     | 43/100 [00:08<00:12,  4.58it/s]
 44%|████▍     | 44/100 [00:08<00:13,  4.30it/s]
 45%|████▌     | 45/100 [00:09<00:13,  4.08it/s]
 46%|████▌     | 46/100 [00:09<00:13,  3.90it/s]
 47%|████▋     | 47/100 [00:09<00:14,  3.69it/s]
 48%|████▊     | 48/100 [00:09<00:11,  4.41it/s]
 49%|████▉     | 49/100 [00:09<00:10,  4.99it/s]
 50%|█████     | 50/100 [00:10<00:09,  5.27it/s]
 51%|█████     | 51/100 [00:10<00:12,  3.94it/s]
 52%|█████▏    | 52/100 [00:10<00:11,  4.35it/s]
 53%|█████▎    | 53/100 [00:10<00:10,  4.58it/s]
 54%|█████▍    | 54/100 [00:11<00:09,  4.94it/s]
 55%|█████▌    | 55/100 [00:11<00:08,  5.55it/s]
 56%|█████▌    | 56/100 [00:11<00:07,  6.00it/s]
 57%|█████▋    | 57/100 [00:11<00:08,  5.19it/s]
 58%|█████▊    | 58/100 [00:11<00:07,  5.80it/s]
 59%|█████▉    | 59/100 [00:11<00:06,  6.22it/s]
 60%|██████    | 60/100 [00:11<00:06,  6.07it/s]
 61%|██████    | 61/100 [00:12<00:07,  5.47it/s]
 62%|██████▏   | 62/100 [00:12<00:08,  4.43it/s]
 63%|██████▎   | 63/100 [00:12<00:09,  4.08it/s]
 64%|██████▍   | 64/100 [00:13<00:09,  3.97it/s]
 65%|██████▌   | 65/100 [00:13<00:09,  3.67it/s]
 66%|██████▌   | 66/100 [00:13<00:09,  3.48it/s]
 67%|██████▋   | 67/100 [00:14<00:10,  3.24it/s]
 68%|██████▊   | 68/100 [00:14<00:08,  3.80it/s]
 69%|██████▉   | 69/100 [00:14<00:07,  4.31it/s]
 70%|███████   | 70/100 [00:14<00:08,  3.61it/s]
 71%|███████   | 71/100 [00:15<00:08,  3.38it/s]
 72%|███████▏  | 72/100 [00:15<00:07,  3.62it/s]
 73%|███████▎  | 73/100 [00:15<00:06,  3.93it/s]
 74%|███████▍  | 74/100 [00:15<00:05,  4.75it/s]
 75%|███████▌  | 75/100 [00:15<00:04,  5.38it/s]
 76%|███████▌  | 76/100 [00:15<00:04,  5.96it/s]
 77%|███████▋  | 77/100 [00:16<00:04,  5.37it/s]
 78%|███████▊  | 78/100 [00:16<00:03,  5.51it/s]
 79%|███████▉  | 79/100 [00:16<00:03,  6.18it/s]
 80%|████████  | 80/100 [00:16<00:03,  5.68it/s]
 81%|████████  | 81/100 [00:16<00:03,  5.11it/s]
 82%|████████▏ | 82/100 [00:17<00:03,  4.56it/s]
 83%|████████▎ | 83/100 [00:17<00:04,  3.99it/s]
 84%|████████▍ | 84/100 [00:17<00:04,  3.70it/s]
 85%|████████▌ | 85/100 [00:18<00:04,  3.52it/s]
 86%|████████▌ | 86/100 [00:18<00:03,  3.69it/s]
 87%|████████▋ | 87/100 [00:18<00:03,  3.74it/s]
 88%|████████▊ | 88/100 [00:18<00:02,  4.14it/s]
 89%|████████▉ | 89/100 [00:18<00:02,  4.30it/s]
 90%|█████████ | 90/100 [00:19<00:02,  4.15it/s]
 91%|█████████ | 91/100 [00:19<00:02,  4.26it/s]
 92%|█████████▏| 92/100 [00:19<00:01,  4.21it/s]
 93%|█████████▎| 93/100 [00:19<00:01,  4.34it/s]
 94%|█████████▍| 94/100 [00:20<00:01,  4.58it/s]
 95%|█████████▌| 95/100 [00:20<00:01,  4.94it/s]
 96%|█████████▌| 96/100 [00:20<00:00,  5.19it/s]
 97%|█████████▋| 97/100 [00:20<00:00,  5.37it/s]
 98%|█████████▊| 98/100 [00:20<00:00,  6.08it/s]
 99%|█████████▉| 99/100 [00:20<00:00,  6.41it/s]
100%|██████████| 100/100 [00:21<00:00,  5.25it/s]
100%|██████████| 100/100 [00:21<00:00,  4.72it/s]

  0%|          | 0/100 [00:00<?, ?it/s]
  1%|          | 1/100 [00:00<00:17,  5.54it/s]
  2%|▏         | 2/100 [00:00<00:16,  5.86it/s]
  3%|▎         | 3/100 [00:00<00:16,  5.96it/s]
  4%|▍         | 4/100 [00:00<00:15,  6.10it/s]
  5%|▌         | 5/100 [00:00<00:15,  6.16it/s]
  7%|▋         | 7/100 [00:01<00:13,  6.88it/s]
  8%|▊         | 8/100 [00:01<00:14,  6.46it/s]
  9%|▉         | 9/100 [00:01<00:15,  6.06it/s]
 10%|█         | 10/100 [00:01<00:15,  5.74it/s]
 11%|█         | 11/100 [00:01<00:15,  5.78it/s]
 13%|█▎        | 13/100 [00:02<00:13,  6.24it/s]
 14%|█▍        | 14/100 [00:02<00:14,  5.95it/s]
 15%|█▌        | 15/100 [00:02<00:15,  5.65it/s]
 16%|█▌        | 16/100 [00:02<00:14,  5.84it/s]
 17%|█▋        | 17/100 [00:02<00:13,  6.07it/s]
 18%|█▊        | 18/100 [00:02<00:13,  6.12it/s]
 20%|██        | 20/100 [00:03<00:11,  6.79it/s]
 21%|██        | 21/100 [00:03<00:12,  6.27it/s]
 22%|██▏       | 22/100 [00:03<00:12,  6.43it/s]
 23%|██▎       | 23/100 [00:03<00:12,  6.20it/s]
 24%|██▍       | 24/100 [00:03<00:11,  6.68it/s]
 25%|██▌       | 25/100 [00:03<00:11,  6.47it/s]
 26%|██▌       | 26/100 [00:04<00:11,  6.39it/s]
 27%|██▋       | 27/100 [00:04<00:11,  6.22it/s]
 28%|██▊       | 28/100 [00:04<00:12,  5.93it/s]
 29%|██▉       | 29/100 [00:04<00:11,  6.28it/s]
 30%|███       | 30/100 [00:04<00:11,  6.32it/s]
 31%|███       | 31/100 [00:04<00:10,  6.28it/s]
 33%|███▎      | 33/100 [00:05<00:10,  6.69it/s]
 34%|███▍      | 34/100 [00:05<00:10,  6.40it/s]
 35%|███▌      | 35/100 [00:05<00:10,  6.12it/s]
 36%|███▌      | 36/100 [00:05<00:10,  6.09it/s]
 37%|███▋      | 37/100 [00:05<00:10,  5.89it/s]
 38%|███▊      | 38/100 [00:05<00:10,  5.89it/s]
 39%|███▉      | 39/100 [00:06<00:10,  5.91it/s]
 40%|████      | 40/100 [00:06<00:10,  5.77it/s]
 41%|████      | 41/100 [00:06<00:10,  5.71it/s]
 42%|████▏     | 42/100 [00:06<00:10,  5.77it/s]
 43%|████▎     | 43/100 [00:06<00:09,  5.76it/s]
 44%|████▍     | 44/100 [00:06<00:09,  6.05it/s]
 45%|████▌     | 45/100 [00:07<00:09,  6.03it/s]
 46%|████▌     | 46/100 [00:07<00:08,  6.38it/s]
 47%|████▋     | 47/100 [00:07<00:08,  6.12it/s]
 48%|████▊     | 48/100 [00:07<00:08,  6.25it/s]
 49%|████▉     | 49/100 [00:07<00:08,  6.04it/s]
 50%|█████     | 50/100 [00:07<00:07,  6.66it/s]
 51%|█████     | 51/100 [00:08<00:07,  6.55it/s]
 52%|█████▏    | 52/100 [00:08<00:07,  6.42it/s]
 53%|█████▎    | 53/100 [00:08<00:07,  6.28it/s]
 54%|█████▍    | 54/100 [00:08<00:07,  5.93it/s]
 55%|█████▌    | 55/100 [00:08<00:07,  5.79it/s]
 56%|█████▌    | 56/100 [00:08<00:07,  6.02it/s]
 57%|█████▋    | 57/100 [00:09<00:07,  5.56it/s]
 58%|█████▊    | 58/100 [00:09<00:07,  5.45it/s]
 59%|█████▉    | 59/100 [00:09<00:08,  5.10it/s]
 60%|██████    | 60/100 [00:09<00:07,  5.07it/s]
 61%|██████    | 61/100 [00:09<00:07,  5.24it/s]
 62%|██████▏   | 62/100 [00:10<00:07,  5.27it/s]
 63%|██████▎   | 63/100 [00:10<00:07,  5.26it/s]
 64%|██████▍   | 64/100 [00:10<00:07,  4.90it/s]
 65%|██████▌   | 65/100 [00:10<00:06,  5.40it/s]
 66%|██████▌   | 66/100 [00:10<00:06,  5.62it/s]
 67%|██████▋   | 67/100 [00:10<00:05,  5.99it/s]
 68%|██████▊   | 68/100 [00:11<00:05,  6.30it/s]
 69%|██████▉   | 69/100 [00:11<00:04,  6.38it/s]
 70%|███████   | 70/100 [00:11<00:04,  6.55it/s]
 71%|███████   | 71/100 [00:11<00:04,  6.56it/s]
 72%|███████▏  | 72/100 [00:11<00:04,  6.05it/s]
 73%|███████▎  | 73/100 [00:11<00:04,  6.31it/s]
 74%|███████▍  | 74/100 [00:12<00:04,  6.48it/s]
 75%|███████▌  | 75/100 [00:12<00:04,  6.21it/s]
 76%|███████▌  | 76/100 [00:12<00:03,  6.02it/s]
 77%|███████▋  | 77/100 [00:12<00:03,  6.57it/s]
 79%|███████▉  | 79/100 [00:12<00:02,  7.12it/s]
 80%|████████  | 80/100 [00:12<00:02,  6.79it/s]
 81%|████████  | 81/100 [00:13<00:02,  7.05it/s]
 83%|████████▎ | 83/100 [00:13<00:02,  8.20it/s]
 84%|████████▍ | 84/100 [00:13<00:02,  7.80it/s]
 85%|████████▌ | 85/100 [00:13<00:01,  7.50it/s]
 86%|████████▌ | 86/100 [00:13<00:02,  6.89it/s]
 87%|████████▋ | 87/100 [00:13<00:01,  6.60it/s]
 88%|████████▊ | 88/100 [00:14<00:01,  6.16it/s]
 89%|████████▉ | 89/100 [00:14<00:02,  5.19it/s]
 90%|█████████ | 90/100 [00:14<00:02,  4.66it/s]
 91%|█████████ | 91/100 [00:14<00:02,  4.09it/s]
 92%|█████████▏| 92/100 [00:15<00:02,  3.55it/s]
 93%|█████████▎| 93/100 [00:15<00:01,  4.06it/s]
 94%|█████████▍| 94/100 [00:15<00:01,  4.49it/s]
 95%|█████████▌| 95/100 [00:15<00:01,  4.41it/s]
 96%|█████████▌| 96/100 [00:16<00:00,  4.53it/s]
 97%|█████████▋| 97/100 [00:16<00:00,  4.85it/s]
 98%|█████████▊| 98/100 [00:16<00:00,  5.05it/s]
 99%|█████████▉| 99/100 [00:16<00:00,  4.96it/s]
100%|██████████| 100/100 [00:16<00:00,  5.27it/s]
100%|██████████| 100/100 [00:16<00:00,  5.97it/s]

  0%|          | 0/100 [00:00<?, ?it/s]
  1%|          | 1/100 [00:00<00:18,  5.26it/s]
  2%|▏         | 2/100 [00:00<00:18,  5.32it/s]
  3%|▎         | 3/100 [00:00<00:18,  5.22it/s]
  4%|▍         | 4/100 [00:00<00:17,  5.51it/s]
  5%|▌         | 5/100 [00:00<00:16,  5.74it/s]
  6%|▌         | 6/100 [00:01<00:16,  5.61it/s]
  7%|▋         | 7/100 [00:01<00:16,  5.56it/s]
  8%|▊         | 8/100 [00:01<00:16,  5.47it/s]
  9%|▉         | 9/100 [00:01<00:16,  5.52it/s]
 10%|█         | 10/100 [00:01<00:16,  5.43it/s]
 11%|█         | 11/100 [00:02<00:16,  5.44it/s]
 12%|█▏        | 12/100 [00:02<00:16,  5.48it/s]
 13%|█▎        | 13/100 [00:02<00:14,  6.15it/s]
 14%|█▍        | 14/100 [00:02<00:13,  6.37it/s]
 15%|█▌        | 15/100 [00:02<00:12,  6.90it/s]
 16%|█▌        | 16/100 [00:02<00:11,  7.36it/s]
 17%|█▋        | 17/100 [00:02<00:11,  7.38it/s]
 18%|█▊        | 18/100 [00:02<00:11,  7.15it/s]
 19%|█▉        | 19/100 [00:03<00:10,  7.55it/s]
 21%|██        | 21/100 [00:03<00:10,  7.65it/s]
 22%|██▏       | 22/100 [00:03<00:12,  6.34it/s]
 23%|██▎       | 23/100 [00:03<00:12,  6.04it/s]
 25%|██▌       | 25/100 [00:03<00:11,  6.55it/s]
 26%|██▌       | 26/100 [00:04<00:11,  6.44it/s]
 27%|██▋       | 27/100 [00:04<00:12,  5.99it/s]
 28%|██▊       | 28/100 [00:04<00:11,  6.06it/s]
 29%|██▉       | 29/100 [00:04<00:11,  6.23it/s]
 30%|███       | 30/100 [00:04<00:11,  6.18it/s]
 31%|███       | 31/100 [00:04<00:11,  6.12it/s]
 32%|███▏      | 32/100 [00:05<00:10,  6.20it/s]
 33%|███▎      | 33/100 [00:05<00:11,  6.03it/s]
 34%|███▍      | 34/100 [00:05<00:10,  6.04it/s]
 35%|███▌      | 35/100 [00:05<00:11,  5.78it/s]
 36%|███▌      | 36/100 [00:05<00:11,  5.77it/s]
 37%|███▋      | 37/100 [00:06<00:11,  5.32it/s]
 38%|███▊      | 38/100 [00:06<00:11,  5.32it/s]
 39%|███▉      | 39/100 [00:06<00:11,  5.32it/s]
 40%|████      | 40/100 [00:06<00:11,  5.38it/s]
 41%|████      | 41/100 [00:06<00:11,  5.28it/s]
 42%|████▏     | 42/100 [00:06<00:10,  5.43it/s]
 43%|████▎     | 43/100 [00:07<00:10,  5.54it/s]
 44%|████▍     | 44/100 [00:07<00:09,  5.65it/s]
 45%|████▌     | 45/100 [00:07<00:09,  5.64it/s]
 46%|████▌     | 46/100 [00:07<00:09,  5.74it/s]
 47%|████▋     | 47/100 [00:07<00:09,  5.83it/s]
 48%|████▊     | 48/100 [00:08<00:08,  5.85it/s]
 49%|████▉     | 49/100 [00:08<00:07,  6.41it/s]
 50%|█████     | 50/100 [00:08<00:07,  6.93it/s]
 51%|█████     | 51/100 [00:08<00:07,  6.97it/s]
 52%|█████▏    | 52/100 [00:08<00:07,  6.49it/s]
 53%|█████▎    | 53/100 [00:08<00:07,  6.32it/s]
 54%|█████▍    | 54/100 [00:08<00:07,  6.44it/s]
 55%|█████▌    | 55/100 [00:09<00:07,  6.19it/s]
 56%|█████▌    | 56/100 [00:09<00:07,  6.01it/s]
 57%|█████▋    | 57/100 [00:09<00:08,  5.34it/s]
 58%|█████▊    | 58/100 [00:09<00:07,  5.26it/s]
 59%|█████▉    | 59/100 [00:09<00:07,  5.47it/s]
 60%|██████    | 60/100 [00:09<00:06,  5.86it/s]
 61%|██████    | 61/100 [00:10<00:06,  6.20it/s]
 62%|██████▏   | 62/100 [00:10<00:06,  6.29it/s]
 63%|██████▎   | 63/100 [00:10<00:05,  6.70it/s]
 64%|██████▍   | 64/100 [00:10<00:05,  6.32it/s]
 65%|██████▌   | 65/100 [00:10<00:05,  6.44it/s]
 66%|██████▌   | 66/100 [00:10<00:05,  6.72it/s]
 67%|██████▋   | 67/100 [00:10<00:04,  6.86it/s]
 68%|██████▊   | 68/100 [00:11<00:04,  6.49it/s]
 69%|██████▉   | 69/100 [00:11<00:04,  6.44it/s]
 70%|███████   | 70/100 [00:11<00:04,  6.53it/s]
 71%|███████   | 71/100 [00:11<00:04,  6.28it/s]
 72%|███████▏  | 72/100 [00:11<00:04,  5.76it/s]
 73%|███████▎  | 73/100 [00:12<00:04,  5.63it/s]
 74%|███████▍  | 74/100 [00:12<00:04,  5.58it/s]
 75%|███████▌  | 75/100 [00:12<00:04,  5.67it/s]
 76%|███████▌  | 76/100 [00:12<00:04,  5.51it/s]
 77%|███████▋  | 77/100 [00:12<00:04,  5.49it/s]
 78%|███████▊  | 78/100 [00:12<00:03,  5.53it/s]
 79%|███████▉  | 79/100 [00:13<00:03,  5.54it/s]
 80%|████████  | 80/100 [00:13<00:03,  5.71it/s]
 81%|████████  | 81/100 [00:13<00:03,  5.68it/s]
 82%|████████▏ | 82/100 [00:13<00:03,  5.72it/s]
 83%|████████▎ | 83/100 [00:13<00:03,  5.57it/s]
 84%|████████▍ | 84/100 [00:13<00:02,  5.83it/s]
 85%|████████▌ | 85/100 [00:14<00:02,  5.89it/s]
 86%|████████▌ | 86/100 [00:14<00:02,  5.78it/s]
 87%|████████▋ | 87/100 [00:14<00:02,  5.60it/s]
 88%|████████▊ | 88/100 [00:14<00:02,  5.62it/s]
 89%|████████▉ | 89/100 [00:14<00:02,  5.29it/s]
 90%|█████████ | 90/100 [00:15<00:01,  5.20it/s]
 91%|█████████ | 91/100 [00:15<00:01,  5.10it/s]
 92%|█████████▏| 92/100 [00:15<00:01,  5.37it/s]
 93%|█████████▎| 93/100 [00:15<00:01,  5.67it/s]
 94%|█████████▍| 94/100 [00:15<00:01,  5.91it/s]
 95%|█████████▌| 95/100 [00:15<00:00,  5.75it/s]
 96%|█████████▌| 96/100 [00:16<00:00,  5.99it/s]
 97%|█████████▋| 97/100 [00:16<00:00,  6.13it/s]
 98%|█████████▊| 98/100 [00:16<00:00,  6.21it/s]
 99%|█████████▉| 99/100 [00:16<00:00,  6.14it/s]
100%|██████████| 100/100 [00:16<00:00,  6.31it/s]
100%|██████████| 100/100 [00:16<00:00,  5.97it/s]

  0%|          | 0/100 [00:00<?, ?it/s]
  1%|          | 1/100 [00:00<00:12,  7.65it/s]
  2%|▏         | 2/100 [00:00<00:14,  6.80it/s]
  3%|▎         | 3/100 [00:00<00:15,  6.17it/s]
  4%|▍         | 4/100 [00:00<00:16,  5.82it/s]
  5%|▌         | 5/100 [00:00<00:17,  5.36it/s]
  6%|▌         | 6/100 [00:01<00:18,  5.00it/s]
  7%|▋         | 7/100 [00:01<00:18,  5.00it/s]
  9%|▉         | 9/100 [00:01<00:16,  5.55it/s]
 10%|█         | 10/100 [00:01<00:17,  5.25it/s]
 11%|█         | 11/100 [00:02<00:18,  4.91it/s]
 12%|█▏        | 12/100 [00:02<00:17,  4.97it/s]
 13%|█▎        | 13/100 [00:02<00:17,  4.98it/s]
 14%|█▍        | 14/100 [00:02<00:17,  4.78it/s]
 15%|█▌        | 15/100 [00:02<00:16,  5.06it/s]
 16%|█▌        | 16/100 [00:03<00:15,  5.31it/s]
 17%|█▋        | 17/100 [00:03<00:15,  5.32it/s]
 18%|█▊        | 18/100 [00:03<00:13,  6.09it/s]
 19%|█▉        | 19/100 [00:03<00:12,  6.47it/s]
 20%|██        | 20/100 [00:03<00:12,  6.49it/s]
 21%|██        | 21/100 [00:03<00:12,  6.26it/s]
 22%|██▏       | 22/100 [00:04<00:13,  5.71it/s]
 24%|██▍       | 24/100 [00:04<00:12,  6.27it/s]
 25%|██▌       | 25/100 [00:04<00:11,  6.27it/s]
 26%|██▌       | 26/100 [00:04<00:12,  6.16it/s]
 27%|██▋       | 27/100 [00:04<00:11,  6.35it/s]
 28%|██▊       | 28/100 [00:04<00:11,  6.06it/s]
 29%|██▉       | 29/100 [00:05<00:10,  6.73it/s]
 30%|███       | 30/100 [00:05<00:11,  5.96it/s]
 31%|███       | 31/100 [00:05<00:12,  5.56it/s]
 32%|███▏      | 32/100 [00:05<00:11,  5.73it/s]
 33%|███▎      | 33/100 [00:05<00:11,  5.63it/s]
 34%|███▍      | 34/100 [00:05<00:11,  5.63it/s]
 35%|███▌      | 35/100 [00:06<00:11,  5.56it/s]
 36%|███▌      | 36/100 [00:06<00:11,  5.45it/s]
 37%|███▋      | 37/100 [00:06<00:11,  5.31it/s]
 38%|███▊      | 38/100 [00:06<00:10,  5.76it/s]
 39%|███▉      | 39/100 [00:06<00:10,  5.89it/s]
 40%|████      | 40/100 [00:07<00:10,  5.83it/s]
 41%|████      | 41/100 [00:07<00:09,  6.25it/s]
 42%|████▏     | 42/100 [00:07<00:08,  6.58it/s]
 43%|████▎     | 43/100 [00:07<00:08,  6.52it/s]
 44%|████▍     | 44/100 [00:07<00:08,  6.58it/s]
 45%|████▌     | 45/100 [00:07<00:08,  6.26it/s]
 46%|████▌     | 46/100 [00:07<00:08,  6.39it/s]
 48%|████▊     | 48/100 [00:08<00:06,  7.53it/s]
 50%|█████     | 50/100 [00:08<00:05,  9.03it/s]
 52%|█████▏    | 52/100 [00:08<00:05,  8.48it/s]
 53%|█████▎    | 53/100 [00:08<00:05,  8.07it/s]
 54%|█████▍    | 54/100 [00:08<00:05,  7.82it/s]
 55%|█████▌    | 55/100 [00:08<00:06,  7.19it/s]
 56%|█████▌    | 56/100 [00:09<00:07,  6.09it/s]
 58%|█████▊    | 58/100 [00:09<00:05,  7.06it/s]
 59%|█████▉    | 59/100 [00:09<00:05,  7.37it/s]
 61%|██████    | 61/100 [00:09<00:04,  7.99it/s]
 62%|██████▏   | 62/100 [00:09<00:05,  7.27it/s]
 63%|██████▎   | 63/100 [00:09<00:04,  7.41it/s]
 64%|██████▍   | 64/100 [00:10<00:04,  7.82it/s]
 66%|██████▌   | 66/100 [00:10<00:04,  7.96it/s]
 67%|██████▋   | 67/100 [00:10<00:04,  7.27it/s]
 68%|██████▊   | 68/100 [00:10<00:04,  6.68it/s]
 69%|██████▉   | 69/100 [00:10<00:04,  6.64it/s]
 70%|███████   | 70/100 [00:10<00:04,  6.75it/s]
 71%|███████   | 71/100 [00:11<00:04,  6.44it/s]
 72%|███████▏  | 72/100 [00:11<00:04,  6.65it/s]
 73%|███████▎  | 73/100 [00:11<00:03,  7.29it/s]
 75%|███████▌  | 75/100 [00:11<00:03,  7.66it/s]
 76%|███████▌  | 76/100 [00:11<00:03,  6.18it/s]
 77%|███████▋  | 77/100 [00:12<00:04,  5.06it/s]
 78%|███████▊  | 78/100 [00:12<00:04,  4.70it/s]
 79%|███████▉  | 79/100 [00:12<00:04,  4.42it/s]
 80%|████████  | 80/100 [00:12<00:04,  4.23it/s]
 81%|████████  | 81/100 [00:12<00:03,  4.83it/s]
 82%|████████▏ | 82/100 [00:13<00:03,  5.47it/s]
 83%|████████▎ | 83/100 [00:13<00:02,  5.94it/s]
 84%|████████▍ | 84/100 [00:13<00:02,  6.13it/s]
 85%|████████▌ | 85/100 [00:13<00:02,  6.09it/s]
 86%|████████▌ | 86/100 [00:13<00:02,  5.63it/s]
 87%|████████▋ | 87/100 [00:13<00:02,  5.58it/s]
 88%|████████▊ | 88/100 [00:14<00:02,  5.21it/s]
 89%|████████▉ | 89/100 [00:14<00:02,  5.04it/s]
 90%|█████████ | 90/100 [00:14<00:02,  4.94it/s]
 91%|█████████ | 91/100 [00:14<00:01,  4.54it/s]
 92%|█████████▏| 92/100 [00:15<00:01,  4.68it/s]
 93%|█████████▎| 93/100 [00:15<00:01,  4.77it/s]
 94%|█████████▍| 94/100 [00:15<00:01,  4.93it/s]
 95%|█████████▌| 95/100 [00:15<00:01,  4.50it/s]
 96%|█████████▌| 96/100 [00:15<00:00,  4.73it/s]
 97%|█████████▋| 97/100 [00:16<00:00,  5.23it/s]
 98%|█████████▊| 98/100 [00:16<00:00,  5.63it/s]
 99%|█████████▉| 99/100 [00:16<00:00,  5.57it/s]
100%|██████████| 100/100 [00:16<00:00,  5.44it/s]
100%|██████████| 100/100 [00:16<00:00,  6.04it/s]

  0%|          | 0/100 [00:00<?, ?it/s]
  1%|          | 1/100 [00:00<00:18,  5.23it/s]
  2%|▏         | 2/100 [00:00<00:19,  5.15it/s]
  3%|▎         | 3/100 [00:00<00:21,  4.49it/s]
  4%|▍         | 4/100 [00:00<00:20,  4.73it/s]
  5%|▌         | 5/100 [00:01<00:18,  5.11it/s]
  6%|▌         | 6/100 [00:01<00:18,  5.08it/s]
  8%|▊         | 8/100 [00:01<00:16,  5.75it/s]
  9%|▉         | 9/100 [00:01<00:15,  5.98it/s]
 10%|█         | 10/100 [00:01<00:14,  6.03it/s]
 11%|█         | 11/100 [00:01<00:15,  5.87it/s]
 12%|█▏        | 12/100 [00:02<00:13,  6.30it/s]
 13%|█▎        | 13/100 [00:02<00:14,  5.93it/s]
 14%|█▍        | 14/100 [00:02<00:14,  5.97it/s]
 15%|█▌        | 15/100 [00:02<00:14,  5.97it/s]
 16%|█▌        | 16/100 [00:02<00:13,  6.29it/s]
 17%|█▋        | 17/100 [00:02<00:13,  6.18it/s]
 18%|█▊        | 18/100 [00:03<00:13,  5.97it/s]
 19%|█▉        | 19/100 [00:03<00:12,  6.34it/s]
 20%|██        | 20/100 [00:03<00:12,  6.23it/s]
 21%|██        | 21/100 [00:03<00:13,  5.86it/s]
 22%|██▏       | 22/100 [00:03<00:13,  5.98it/s]
 23%|██▎       | 23/100 [00:03<00:13,  5.78it/s]
 24%|██▍       | 24/100 [00:04<00:11,  6.37it/s]
 25%|██▌       | 25/100 [00:04<00:11,  6.69it/s]
 26%|██▌       | 26/100 [00:04<00:10,  6.83it/s]
 27%|██▋       | 27/100 [00:04<00:11,  6.55it/s]
 28%|██▊       | 28/100 [00:04<00:11,  6.36it/s]
 29%|██▉       | 29/100 [00:04<00:11,  6.27it/s]
 30%|███       | 30/100 [00:05<00:12,  5.73it/s]
 31%|███       | 31/100 [00:05<00:12,  5.72it/s]
 32%|███▏      | 32/100 [00:05<00:11,  5.87it/s]
 33%|███▎      | 33/100 [00:05<00:11,  5.90it/s]
 34%|███▍      | 34/100 [00:05<00:11,  5.61it/s]
 36%|███▌      | 36/100 [00:05<00:10,  6.31it/s]
 37%|███▋      | 37/100 [00:06<00:11,  5.64it/s]
 38%|███▊      | 38/100 [00:06<00:12,  5.15it/s]
 39%|███▉      | 39/100 [00:06<00:12,  5.05it/s]
 40%|████      | 40/100 [00:06<00:11,  5.21it/s]
 41%|████      | 41/100 [00:06<00:10,  5.42it/s]
 42%|████▏     | 42/100 [00:07<00:10,  5.29it/s]
 43%|████▎     | 43/100 [00:07<00:10,  5.66it/s]
 44%|████▍     | 44/100 [00:07<00:10,  5.49it/s]
 45%|████▌     | 45/100 [00:07<00:10,  5.25it/s]
 46%|████▌     | 46/100 [00:07<00:09,  5.55it/s]
 47%|████▋     | 47/100 [00:08<00:09,  5.52it/s]
 48%|████▊     | 48/100 [00:08<00:09,  5.28it/s]
 49%|████▉     | 49/100 [00:08<00:09,  5.36it/s]
 50%|█████     | 50/100 [00:08<00:10,  4.88it/s]
 51%|█████     | 51/100 [00:08<00:09,  4.92it/s]
 52%|█████▏    | 52/100 [00:09<00:09,  5.31it/s]
 53%|█████▎    | 53/100 [00:09<00:08,  5.83it/s]
 54%|█████▍    | 54/100 [00:09<00:07,  6.26it/s]
 55%|█████▌    | 55/100 [00:09<00:07,  6.03it/s]
 56%|█████▌    | 56/100 [00:09<00:07,  5.77it/s]
 58%|█████▊    | 58/100 [00:09<00:06,  6.82it/s]
 59%|█████▉    | 59/100 [00:10<00:05,  6.85it/s]
 60%|██████    | 60/100 [00:10<00:06,  6.32it/s]
 61%|██████    | 61/100 [00:10<00:06,  6.44it/s]
 62%|██████▏   | 62/100 [00:10<00:05,  6.45it/s]
 63%|██████▎   | 63/100 [00:10<00:05,  6.69it/s]
 64%|██████▍   | 64/100 [00:10<00:06,  5.94it/s]
 65%|██████▌   | 65/100 [00:11<00:06,  5.43it/s]
 66%|██████▌   | 66/100 [00:11<00:06,  5.18it/s]
 67%|██████▋   | 67/100 [00:11<00:06,  5.03it/s]
 68%|██████▊   | 68/100 [00:11<00:06,  5.26it/s]
 69%|██████▉   | 69/100 [00:11<00:05,  5.32it/s]
 70%|███████   | 70/100 [00:12<00:05,  5.16it/s]
 71%|███████   | 71/100 [00:12<00:05,  5.22it/s]
 72%|███████▏  | 72/100 [00:12<00:05,  5.35it/s]
 73%|███████▎  | 73/100 [00:12<00:04,  5.53it/s]
 74%|███████▍  | 74/100 [00:12<00:04,  5.29it/s]
 75%|███████▌  | 75/100 [00:12<00:04,  5.48it/s]
 76%|███████▌  | 76/100 [00:13<00:04,  5.81it/s]
 77%|███████▋  | 77/100 [00:13<00:03,  6.18it/s]
 78%|███████▊  | 78/100 [00:13<00:03,  6.52it/s]
 79%|███████▉  | 79/100 [00:13<00:03,  6.70it/s]
 80%|████████  | 80/100 [00:13<00:02,  6.94it/s]
 81%|████████  | 81/100 [00:13<00:02,  7.16it/s]
 82%|████████▏ | 82/100 [00:13<00:02,  7.13it/s]
 83%|████████▎ | 83/100 [00:14<00:02,  6.93it/s]
 85%|████████▌ | 85/100 [00:14<00:02,  7.28it/s]
 86%|████████▌ | 86/100 [00:14<00:01,  7.46it/s]
 87%|████████▋ | 87/100 [00:14<00:01,  8.00it/s]
 88%|████████▊ | 88/100 [00:14<00:01,  6.64it/s]
 89%|████████▉ | 89/100 [00:14<00:01,  5.72it/s]
 90%|█████████ | 90/100 [00:15<00:01,  5.72it/s]
 91%|█████████ | 91/100 [00:15<00:01,  5.88it/s]
 92%|█████████▏| 92/100 [00:15<00:01,  5.77it/s]
 93%|█████████▎| 93/100 [00:15<00:01,  5.61it/s]
 95%|█████████▌| 95/100 [00:15<00:00,  6.42it/s]
 96%|█████████▌| 96/100 [00:16<00:00,  6.64it/s]
 97%|█████████▋| 97/100 [00:16<00:00,  6.45it/s]
 98%|█████████▊| 98/100 [00:16<00:00,  6.24it/s]
 99%|█████████▉| 99/100 [00:16<00:00,  6.14it/s]
100%|██████████| 100/100 [00:16<00:00,  5.95it/s]
100%|██████████| 100/100 [00:16<00:00,  5.98it/s]
== Dataset: Found 82240 items 
== Dataset: Found 4112 classes
== Dataset: Found 13760 items 
== Dataset: Found 688 classes
== Dataset: Found 33840 items 
== Dataset: Found 1692 classes
=== Epoch: 0 ===
Avg Train Loss: 1.8432586240768432, Avg Train Acc: 0.5547333316504955
Avg Val Loss: 0.21579997401684523, Avg Val Acc: 0.9230666738748551 (Best)
=== Epoch: 1 ===
Avg Train Loss: 0.9153463846445083, Avg Train Acc: 0.7387333315610886
Avg Val Loss: 0.17933456780854612, Avg Val Acc: 0.9484000045061112 (Best)
=== Epoch: 2 ===
Avg Train Loss: 0.6545563018321991, Avg Train Acc: 0.8116999953985214
Avg Val Loss: 0.10085782323061722, Avg Val Acc: 0.9636000037193299 (Best)
=== Epoch: 3 ===
Avg Train Loss: 0.5481658685207367, Avg Train Acc: 0.8379000002145767
Avg Val Loss: 0.12324714788759593, Avg Val Acc: 0.9566666728258133 (Best: 0.9636000037193299)
=== Epoch: 4 ===
Avg Train Loss: 0.4988715162873268, Avg Train Acc: 0.8536000019311905
Avg Val Loss: 0.09500628324225545, Avg Val Acc: 0.9689333409070968 (Best)
=== Epoch: 5 ===
Avg Train Loss: 0.4250823351740837, Avg Train Acc: 0.875333331823349
Avg Val Loss: 0.07992010145331734, Avg Val Acc: 0.9713333386182785 (Best)
=== Epoch: 6 ===
Avg Train Loss: 0.38635736614465715, Avg Train Acc: 0.8871333295106888
Avg Val Loss: 0.055957135430071504, Avg Val Acc: 0.9817333382368088 (Best)
=== Epoch: 7 ===
Avg Train Loss: 0.34710524588823316, Avg Train Acc: 0.8966333329677582
Avg Val Loss: 0.09464513684768462, Avg Val Acc: 0.9682666730880737 (Best: 0.9817333382368088)
=== Epoch: 8 ===
Avg Train Loss: 0.3318734776973724, Avg Train Acc: 0.8988666695356369
Avg Val Loss: 0.07052133423640043, Avg Val Acc: 0.9768000054359436 (Best: 0.9817333382368088)
=== Epoch: 9 ===
Avg Train Loss: 0.3358032429218292, Avg Train Acc: 0.8994333344697952
Avg Val Loss: 0.07718528444838739, Avg Val Acc: 0.9740000051259995 (Best: 0.9817333382368088)
=== Epoch: 10 ===
Avg Train Loss: 0.30049430549144746, Avg Train Acc: 0.9091000038385392
Avg Val Loss: 0.0686083177387627, Avg Val Acc: 0.9778666722774506 (Best: 0.9817333382368088)
=== Epoch: 11 ===
Avg Train Loss: 0.29470731168985365, Avg Train Acc: 0.9131666684150695
Avg Val Loss: 0.06326683588325978, Avg Val Acc: 0.9793333387374878 (Best: 0.9817333382368088)
=== Epoch: 12 ===
Avg Train Loss: 0.2859060925245285, Avg Train Acc: 0.914600003361702
Avg Val Loss: 0.06219581808862131, Avg Val Acc: 0.9777333378791809 (Best: 0.9817333382368088)
=== Epoch: 13 ===
Avg Train Loss: 0.28374882608652113, Avg Train Acc: 0.9161666715145111
Avg Val Loss: 0.0536121290284791, Avg Val Acc: 0.9838666719198227 (Best)
=== Epoch: 14 ===
Avg Train Loss: 0.2748616097867489, Avg Train Acc: 0.9174000018835068
Avg Val Loss: 0.054618981425082896, Avg Val Acc: 0.9808000028133392 (Best: 0.9838666719198227)
Testing with last model..
Test Acc: 0.9842800055146217
Testing with best model..
Test Acc: 0.9848533390164376
